<?xml version="1.0" encoding="UTF-8"?>
<robot generator="Robot 7.4.1 (Python 3.10.10 on win32)" generated="2025-12-31T17:55:46.232304" rpa="false" schemaversion="5">
<suite id="s1" name="Test02" source="C:\Robot_Framework_dev\Test Automation\TestSuite\test02.robot">
<test id="s1-t1" name="Verify Text on DUT using Appium" line="49">
<kw name="Verify Text Appium Full" owner="appium_keywords">
<msg time="2025-12-31T17:55:47.385001" level="FAIL">DUT 'Phone' not found in configuration.ini</msg>
<arg>Albums</arg>
<arg>${DUT.Phone}</arg>
<doc>Verifies FULL visible text using Appium (exact match).
Fails if only partial text is found.</doc>
<status status="FAIL" start="2025-12-31T17:55:47.385001" elapsed="0.007210">DUT 'Phone' not found in configuration.ini</status>
</kw>
<status status="FAIL" start="2025-12-31T17:55:47.379660" elapsed="0.016337">DUT 'Phone' not found in configuration.ini</status>
</test>
<status status="FAIL" start="2025-12-31T17:55:46.236550" elapsed="1.161825"/>
</suite>
<statistics>
<total>
<stat pass="0" fail="1" skip="0">All Tests</stat>
</total>
<tag>
</tag>
<suite>
<stat name="Test02" id="s1" pass="0" fail="1" skip="0">Test02</stat>
</suite>
</statistics>
<errors>
</errors>
</robot>
