<?xml version="1.0" encoding="UTF-8"?>
<robot generator="Robot 7.4.1 (Python 3.10.10 on win32)" generated="2025-12-31T18:57:16.673551" rpa="false" schemaversion="5">
<suite id="s1" name="Test03" source="C:\Robot_Framework_dev\Test Automation\TestSuite\test03.robot">
<test id="s1-t1" name="Verify Text on DUT using Appium" line="14">
<kw name="Verify Text Appium Full" owner="appium_keywords">
<msg time="2025-12-31T18:57:26.040545" level="INFO" html="true">&lt;b&gt;Verifying text:&lt;/b&gt; 'Kids'</msg>
<msg time="2025-12-31T18:57:28.164046" level="INFO" html="true">&lt;b&gt;Visible texts on screen:&lt;/b&gt;&lt;br&gt;In-app purchases&lt;br&gt;Essentials&lt;br&gt;It’s Capricorn’s time to shine&lt;br&gt;Apps to make the most of your sign&lt;br&gt;Explore&lt;br&gt;Sponsored&lt;br&gt;Suggested for you&lt;br&gt;Dating apps&lt;br&gt;For you&lt;br&gt;Top charts&lt;br&gt;Kids&lt;br&gt;Categories&lt;br&gt;Games&lt;br&gt;Apps&lt;br&gt;Search&lt;br&gt;Books&lt;br&gt;You</msg>
<msg time="2025-12-31T18:57:28.200766" level="INFO" html="true">&lt;b style='color:green'&gt;TEXT VERIFIED: Kids&lt;/b&gt;</msg>
<arg>Kids</arg>
<arg>${DUT.Phone}</arg>
<doc>Verifies FULL visible text using Appium (exact match).
Fails if only partial text is found.</doc>
<status status="PASS" start="2025-12-31T18:57:17.606137" elapsed="10.594629"/>
</kw>
<kw name="Tap By Coordinates" owner="appium_keywords">
<msg time="2025-12-31T18:57:28.370039" level="INFO" html="true">&lt;b&gt;Tapped 'search_icon' at (625,2593) on DUT 'Phone'&lt;/b&gt;</msg>
<arg>Playstore.json</arg>
<arg>search_icon</arg>
<arg>${DUT.Phone}</arg>
<doc>Tap on screen using X,Y coordinates from JSON key using Appium (mobile: tap).</doc>
<status status="PASS" start="2025-12-31T18:57:28.205574" elapsed="0.165009"/>
</kw>
<kw name="Tap By Text" owner="appium_keywords">
<msg time="2025-12-31T18:57:31.270858" level="INFO" html="true">&lt;b style='color:green'&gt;Tapped on text:&lt;/b&gt; Action&lt;br&gt;&lt;img src='ocr_highlighted.png' width='40%'&gt;</msg>
<arg>Action</arg>
<arg>${DUT.Phone}</arg>
<doc>Tap on visible text using OCR and Appium clickGesture.
Works without XML / UI dump.</doc>
<status status="PASS" start="2025-12-31T18:57:28.371586" elapsed="2.905077"/>
</kw>
<status status="PASS" start="2025-12-31T18:57:17.603763" elapsed="13.674622"/>
</test>
<status status="PASS" start="2025-12-31T18:57:16.676841" elapsed="14.606309"/>
</suite>
<statistics>
<total>
<stat pass="1" fail="0" skip="0">All Tests</stat>
</total>
<tag>
</tag>
<suite>
<stat name="Test03" id="s1" pass="1" fail="0" skip="0">Test03</stat>
</suite>
</statistics>
<errors>
</errors>
</robot>
