<?xml version="1.0" encoding="UTF-8"?>
<robot generator="Robot 7.3.2 (Python 3.12.10 on win32)" generated="2025-12-03T00:06:46.314198" rpa="false" schemaversion="5">
<suite id="s1" name="Test01" source="C:\aut\TestSuite\test01.robot">
<test id="s1-t1" name="Get Device Id Test" line="15">
<kw name="Get Device Id" owner="adb_keywords">
<msg time="2025-12-03T00:06:46.337945" level="INFO">${id} = 10BF3122K4000JT</msg>
<var>${id}</var>
<arg>${DUT.Phone}</arg>
<doc>Robot Framework keyword.
Returns the device_id for the requested DUT (Phone / Main / Cluster).</doc>
<status status="PASS" start="2025-12-03T00:06:46.337945" elapsed="0.000000"/>
</kw>
<kw name="Log" owner="BuiltIn">
<msg time="2025-12-03T00:06:46.337945" level="INFO">10BF3122K4000JT</msg>
<arg>${id}</arg>
<doc>Logs the given message with the given level.</doc>
<status status="PASS" start="2025-12-03T00:06:46.337945" elapsed="0.000000"/>
</kw>
<status status="PASS" start="2025-12-03T00:06:46.337945" elapsed="0.000000"/>
</test>
<test id="s1-t2" name="Click Element On Phone DUT" line="24">
<kw name="Click Element By Text" owner="adb_keywords">
<arg>Play Store</arg>
<arg>${DUT.Phone}</arg>
<doc>Robot keyword: Click UI element using visible text.
If dut_name provided → use adb -s &lt;device_id&gt;, else use default ADB.</doc>
<status status="PASS" start="2025-12-03T00:06:46.337945" elapsed="2.846116"/>
</kw>
<status status="PASS" start="2025-12-03T00:06:46.337945" elapsed="2.846116"/>
</test>
<status status="PASS" start="2025-12-03T00:06:46.314198" elapsed="2.875607"/>
</suite>
<statistics>
<total>
<stat pass="2" fail="0" skip="0">All Tests</stat>
</total>
<tag>
</tag>
<suite>
<stat name="Test01" id="s1" pass="2" fail="0" skip="0">Test01</stat>
</suite>
</statistics>
<errors>
</errors>
</robot>
