<?xml version="1.0" encoding="UTF-8"?>
<robot generator="Robot 7.3.2 (Python 3.10.8 on win32)" generated="2025-12-04T23:55:36.800743" rpa="false" schemaversion="5">
<suite id="s1" name="Test01" source="C:\Users\nadik\Robot_Framework_dev\aut\TestSuite\test01.robot">
<test id="s1-t1" name="Get Device Id Test" line="15">
<kw name="Get Device Id" owner="adb_keywords">
<msg time="2025-12-04T23:55:40.759047" level="INFO">${id} = 10BF3122K4000JT</msg>
<var>${id}</var>
<arg>${DUT.Phone}</arg>
<doc>Robot Framework keyword.
Returns the device_id for the requested DUT (Phone / Main / Cluster).</doc>
<status status="PASS" start="2025-12-04T23:55:40.757027" elapsed="0.002020"/>
</kw>
<kw name="Log" owner="BuiltIn">
<msg time="2025-12-04T23:55:40.761554" level="INFO">10BF3122K4000JT</msg>
<arg>${id}</arg>
<doc>Logs the given message with the given level.</doc>
<status status="PASS" start="2025-12-04T23:55:40.761210" elapsed="0.000344"/>
</kw>
<status status="PASS" start="2025-12-04T23:55:40.752150" elapsed="0.011607"/>
</test>
<test id="s1-t2" name="Click Element On Phone DUT" line="24">
<kw name="Click Element By Text" owner="adb_keywords">
<arg>Play Store</arg>
<arg>${DUT.Phone}</arg>
<doc>Robot keyword: Click UI element using visible text.
If dut_name provided → use adb -s &lt;device_id&gt;, else use default ADB.</doc>
<status status="PASS" start="2025-12-04T23:55:40.769007" elapsed="3.130183"/>
</kw>
<kw name="Sleep" owner="BuiltIn">
<msg time="2025-12-04T23:55:45.900577" level="INFO">Slept 2 seconds.</msg>
<arg>2s</arg>
<doc>Pauses the test executed for the given time.</doc>
<status status="PASS" start="2025-12-04T23:55:43.899190" elapsed="2.001387"/>
</kw>
<status status="PASS" start="2025-12-04T23:55:40.767310" elapsed="5.133267"/>
</test>
<test id="s1-t3" name="verify captured image" line="36">
<kw name="Verify Image" owner="adb_keywords">
<msg time="2025-12-04T23:55:46.765146" level="INFO" html="true">&lt;b&gt;Captured Screen:&lt;/b&gt;&lt;br&gt;&lt;img src='C:\Users\nadik\Robot_Framework_dev\aut\verify_image_screen.png' width='300px'&gt;</msg>
<msg time="2025-12-04T23:55:46.765146" level="INFO" html="true">&lt;b&gt;Reference Image:&lt;/b&gt;&lt;br&gt;&lt;img src='C:/Users/nadik/Robot_Framework_dev/aut/Resources/images/Playstore_home.png' width='300px'&gt;</msg>
<msg time="2025-12-04T23:55:47.280873" level="INFO" html="true">&lt;b&gt;Similarity Score:&lt;/b&gt; 1.000</msg>
<msg time="2025-12-04T23:55:47.280873" level="INFO" html="true">&lt;b&gt;Image Verification: PASS&lt;/b&gt;</msg>
<arg>C:/Users/nadik/Robot_Framework_dev/aut/Resources/images/Playstore_home.png</arg>
<doc>]
Verifies full or partial image match AND logs both images in Robot report.</doc>
<status status="PASS" start="2025-12-04T23:55:45.905354" elapsed="1.375519"/>
</kw>
<kw name="Sleep" owner="BuiltIn">
<msg time="2025-12-04T23:55:50.285995" level="INFO">Slept 3 seconds.</msg>
<arg>3s</arg>
<doc>Pauses the test executed for the given time.</doc>
<status status="PASS" start="2025-12-04T23:55:47.280873" elapsed="3.005122"/>
</kw>
<status status="PASS" start="2025-12-04T23:55:45.905354" elapsed="4.380641"/>
</test>
<test id="s1-t4" name="verify text" line="40">
<kw name="Verify Text On Screen" owner="adb_keywords">
<msg time="2025-12-04T23:55:52.975196" level="INFO" html="true">Verified text (any word matched): &lt;b&gt;Kids&lt;/b&gt;</msg>
<msg time="2025-12-04T23:55:52.975196" level="INFO" html="true">&lt;img src="C:\Users\nadik\Robot_Framework_dev\aut\highlighted_verify_text.png" width="450px"&gt;</msg>
<arg>Kids</arg>
<status status="PASS" start="2025-12-04T23:55:50.285995" elapsed="2.689201"/>
</kw>
<status status="PASS" start="2025-12-04T23:55:50.285995" elapsed="2.689201"/>
</test>
<status status="PASS" start="2025-12-04T23:55:36.808607" elapsed="16.166589"/>
</suite>
<statistics>
<total>
<stat pass="4" fail="0" skip="0">All Tests</stat>
</total>
<tag>
</tag>
<suite>
<stat name="Test01" id="s1" pass="4" fail="0" skip="0">Test01</stat>
</suite>
</statistics>
<errors>
</errors>
</robot>
