<?xml version="1.0" encoding="UTF-8"?>
<robot generator="Robot 7.4.1 (Python 3.10.10 on win32)" generated="2025-12-31T18:28:08.786506" rpa="false" schemaversion="5">
<suite id="s1" name="Test03" source="C:\Robot_Framework_dev\Test Automation\TestSuite\test03.robot">
<test id="s1-t1" name="Verify Text on DUT using Appium" line="14">
<kw name="Verify Text Appium Full" owner="appium_keywords">
<msg time="2025-12-31T18:28:19.198237" level="INFO" html="true">&lt;b&gt;Verifying text:&lt;/b&gt; 'Kids'</msg>
<msg time="2025-12-31T18:28:21.462577" level="INFO" html="true">&lt;b&gt;Visible texts on screen:&lt;/b&gt;&lt;br&gt;In-app purchases&lt;br&gt;Newbie Rewards! Get Free 3400 Draws!&lt;br&gt;Install&lt;br&gt;In-app purchases&lt;br&gt;Sponsored&lt;br&gt;Suggested for you&lt;br&gt;Recommended for you&lt;br&gt;For you&lt;br&gt;Top charts&lt;br&gt;Kids&lt;br&gt;Premium&lt;br&gt;Categories&lt;br&gt;Games&lt;br&gt;Apps&lt;br&gt;Search&lt;br&gt;Books&lt;br&gt;You</msg>
<msg time="2025-12-31T18:28:21.462577" level="INFO" html="true">&lt;b style='color:green'&gt;TEXT VERIFIED: Kids&lt;/b&gt;</msg>
<arg>Kids</arg>
<arg>${DUT.Phone}</arg>
<doc>Verifies FULL visible text using Appium (exact match).
Fails if only partial text is found.</doc>
<status status="PASS" start="2025-12-31T18:28:09.810407" elapsed="11.652170"/>
</kw>
<kw name="Tap By Coordinates" owner="appium_keywords">
<msg time="2025-12-31T18:28:21.471635" level="FAIL">AttributeError: type object 'PointerInput' has no attribute 'TOUCH'</msg>
<arg>Playstore.json</arg>
<arg>search_icon</arg>
<arg>${DUT.Phone}</arg>
<doc>Tap on screen using X,Y coordinates from JSON key using Appium (W3C actions).
JSON is auto-loaded from Resources/Coordinates/.</doc>
<status status="FAIL" start="2025-12-31T18:28:21.465709" elapsed="0.008235">AttributeError: type object 'PointerInput' has no attribute 'TOUCH'</status>
</kw>
<status status="FAIL" start="2025-12-31T18:28:09.809409" elapsed="11.666187">AttributeError: type object 'PointerInput' has no attribute 'TOUCH'</status>
</test>
<status status="FAIL" start="2025-12-31T18:28:08.793321" elapsed="12.687817"/>
</suite>
<statistics>
<total>
<stat pass="0" fail="1" skip="0">All Tests</stat>
</total>
<tag>
</tag>
<suite>
<stat name="Test03" id="s1" pass="0" fail="1" skip="0">Test03</stat>
</suite>
</statistics>
<errors>
</errors>
</robot>
