<?xml version="1.0" encoding="UTF-8"?>
<robot generator="Robot 7.4.1 (Python 3.10.10 on win32)" generated="2026-01-02T14:20:01.335694" rpa="false" schemaversion="5">
<suite id="s1" name="Test03" source="C:\Robot_Framework_dev\Test Automation\TestSuite\test03.robot">
<test id="s1-t1" name="Verify Keywords on DUT using Appium" line="16">
<msg time="2026-01-02T14:20:02.299987" level="INFO">🎬 Starting recording | DUT=Phone</msg>
<msg time="2026-01-02T14:20:02.299987" level="INFO">🎥 DUT name resolved to: Phone</msg>
<msg time="2026-01-02T14:20:02.299987" level="INFO">📱 Device ID resolved to: 10BF3122K4000JT</msg>
<msg time="2026-01-02T14:20:02.299987" level="INFO">📁 Device video path: /sdcard/10BF3122K4000JT_20260102_142002_Verify_Keywords_on_DUT_using_Appium.mp4</msg>
<msg time="2026-01-02T14:20:02.801705" level="INFO">✅ Screen recording started successfully</msg>
<kw name="Verify Text Appium Full" owner="appium_keywords">
<msg time="2026-01-02T14:20:07.019721" level="INFO" html="true">&lt;b&gt;Verifying text:&lt;/b&gt; 'Kids'</msg>
<msg time="2026-01-02T14:20:07.960772" level="INFO" html="true">&lt;b&gt;Visible texts on screen:&lt;/b&gt;&lt;br&gt;In-app purchases&lt;br&gt;C-Drama: The Unclouded Soul - One pure heart in a valley of monsters.&lt;br&gt;Install&lt;br&gt;In-app purchases&lt;br&gt;Sponsored&lt;br&gt;Suggested for you&lt;br&gt;Recommended for you&lt;br&gt;For you&lt;br&gt;Top charts&lt;br&gt;Kids&lt;br&gt;Categories&lt;br&gt;Games&lt;br&gt;Apps&lt;br&gt;Search&lt;br&gt;Books&lt;br&gt;You</msg>
<msg time="2026-01-02T14:20:07.960772" level="INFO" html="true">&lt;b style='color:green'&gt;TEXT VERIFIED: Kids&lt;/b&gt;</msg>
<arg>Kids</arg>
<arg>Phone</arg>
<doc>Verifies FULL visible text using Appium (exact match).
Fails if only partial text is found.</doc>
<status status="PASS" start="2026-01-02T14:20:02.801705" elapsed="5.159067"/>
</kw>
<kw name="Tap By Coordinates" owner="appium_keywords">
<msg time="2026-01-02T14:20:08.062781" level="INFO" html="true">&lt;b&gt;Tapped 'search_icon' at (625,2593) on DUT 'Phone'&lt;/b&gt;</msg>
<arg>Playstore.json</arg>
<arg>search_icon</arg>
<arg>Phone</arg>
<doc>Tap on screen using X,Y coordinates from JSON key using Appium (mobile: tap).</doc>
<status status="PASS" start="2026-01-02T14:20:07.960772" elapsed="0.102009"/>
</kw>
<kw name="Tap By Text" owner="appium_keywords">
<msg time="2026-01-02T14:20:10.356882" level="INFO" html="true">&lt;b style='color:green'&gt;Tapped on text:&lt;/b&gt; Action&lt;br&gt;&lt;img src='ocr_highlighted.png' width='40%'&gt;</msg>
<arg>Action</arg>
<arg>Phone</arg>
<doc>Tap on visible text using OCR and Appium clickGesture.
Works without XML / UI dump.</doc>
<status status="PASS" start="2026-01-02T14:20:08.079217" elapsed="2.280793"/>
</kw>
<kw name="Verify Image Element" owner="appium_keywords">
<msg time="2026-01-02T14:20:10.897575" level="INFO" html="true">&lt;b&gt;Captured Screen:&lt;/b&gt;&lt;br&gt;&lt;img src='appium_verify_image_1767343810.png' width='300px'&gt;</msg>
<msg time="2026-01-02T14:20:10.897575" level="INFO" html="true">&lt;b&gt;Reference Image:&lt;/b&gt;&lt;br&gt;&lt;img src='C:\Robot_Framework_dev\Test Automation\Resources\images\Books_play.png' width='300px'&gt;</msg>
<msg time="2026-01-02T14:20:11.163598" level="INFO" html="true">&lt;b&gt;Similarity Score:&lt;/b&gt; 1.000</msg>
<msg time="2026-01-02T14:20:11.240676" level="INFO" html="true">&lt;b&gt;Matched Area:&lt;/b&gt;&lt;br&gt;&lt;img src='verify_image_highlighted_1767343811.png' width='300px'&gt;</msg>
<msg time="2026-01-02T14:20:11.240676" level="INFO" html="true">&lt;b style='color:green'&gt;Image Verification: PASS&lt;/b&gt;</msg>
<arg>Books_play.png</arg>
<arg>Phone</arg>
<doc>Verifies image on screen using Appium screenshot + OpenCV template matching.
Logs highlighted match image in Robot report.</doc>
<status status="PASS" start="2026-01-02T14:20:10.360010" elapsed="0.880666"/>
</kw>
<kw name="Click By Image" owner="appium_keywords">
<msg time="2026-01-02T14:20:11.945758" level="INFO" html="true">&lt;b&gt;Image Match Score:&lt;/b&gt; 1.000</msg>
<msg time="2026-01-02T14:20:12.024060" level="INFO" html="true">&lt;b&gt;Matched Image (confidence=1.000)&lt;/b&gt;&lt;br&gt;&lt;img src='click_image_highlighted_1767343811.png' width='40%'&gt;</msg>
<msg time="2026-01-02T14:20:12.118078" level="INFO">Clicked at (125,2593) | match=1.000</msg>
<arg>Games_play.png</arg>
<arg>Phone</arg>
<doc>Takes screenshot using Appium,
performs template match, clicks on matched area,
and logs highlighted image in Robot report.</doc>
<status status="PASS" start="2026-01-02T14:20:11.240676" elapsed="0.892740"/>
</kw>
<kw name="Run Command" owner="appium_keywords">
<msg time="2026-01-02T14:20:12.133416" level="INFO">Executing command on Phone: getprop ro.build.version.release</msg>
<msg time="2026-01-02T14:20:12.255655" level="INFO">OUTPUT:15
</msg>
<arg>getprop ro.build.version.release</arg>
<arg>Phone</arg>
<doc>Executes shell command on a DUT using Appium mobile:shell
Works across Appium versions (dict or string return)</doc>
<status status="PASS" start="2026-01-02T14:20:12.133416" elapsed="0.122239"/>
</kw>
<kw name="Press Key" owner="appium_keywords">
<msg time="2026-01-02T14:20:12.255655" level="INFO" html="true">&lt;b&gt;Pressing Keyevent:&lt;/b&gt; BACK on Phone</msg>
<arg>BACK</arg>
<arg>Phone</arg>
<doc>Press Android hardware/system key using keyevent.
Ex: HOME, BACK, POWER, VOLUME_UP, VOLUME_DOWN, ENTER..</doc>
<status status="PASS" start="2026-01-02T14:20:12.255655" elapsed="0.157836"/>
</kw>
<kw name="Sleep" owner="BuiltIn">
<msg time="2026-01-02T14:20:14.418610" level="INFO">Slept 2 seconds.</msg>
<arg>2s</arg>
<doc>Pauses the test executed for the given time.</doc>
<status status="PASS" start="2026-01-02T14:20:12.413491" elapsed="2.005119"/>
</kw>
<kw name="Scroll Top Bottom" owner="appium_keywords">
<msg time="2026-01-02T14:20:17.319981" level="INFO">Scrolled DOWN | percent=0.9 | DUT=Phone</msg>
<arg>Phone</arg>
<arg>down</arg>
<doc>Safe scroll that avoids Android system gestures.</doc>
<status status="PASS" start="2026-01-02T14:20:14.418610" elapsed="2.903564"/>
</kw>
<kw name="Sleep" owner="BuiltIn">
<msg time="2026-01-02T14:20:19.335115" level="INFO">Slept 2 seconds.</msg>
<arg>2s</arg>
<doc>Pauses the test executed for the given time.</doc>
<status status="PASS" start="2026-01-02T14:20:17.328159" elapsed="2.006956"/>
</kw>
<kw name="Press Key" owner="appium_keywords">
<msg time="2026-01-02T14:20:19.335115" level="INFO" html="true">&lt;b&gt;Pressing Keyevent:&lt;/b&gt; HOME on Phone</msg>
<arg>HOME</arg>
<arg>Phone</arg>
<doc>Press Android hardware/system key using keyevent.
Ex: HOME, BACK, POWER, VOLUME_UP, VOLUME_DOWN, ENTER..</doc>
<status status="PASS" start="2026-01-02T14:20:19.335115" elapsed="0.173467"/>
</kw>
<kw name="Sleep" owner="BuiltIn">
<msg time="2026-01-02T14:20:21.538002" level="INFO">Slept 2 seconds.</msg>
<arg>2s</arg>
<doc>Pauses the test executed for the given time.</doc>
<status status="PASS" start="2026-01-02T14:20:19.508582" elapsed="2.030538"/>
</kw>
<kw name="Swipe Left Right" owner="appium_keywords">
<msg time="2026-01-02T14:20:23.421384" level="INFO">Swiped RIGHT | percent=0.9 | DUT=Phone</msg>
<arg>Phone</arg>
<arg>right</arg>
<doc>Safe horizontal swipe avoiding Android back gestures.</doc>
<status status="PASS" start="2026-01-02T14:20:21.539120" elapsed="1.882264"/>
</kw>
<kw name="Sleep" owner="BuiltIn">
<msg time="2026-01-02T14:20:25.430803" level="INFO">Slept 2 seconds.</msg>
<arg>2s</arg>
<doc>Pauses the test executed for the given time.</doc>
<status status="PASS" start="2026-01-02T14:20:23.421384" elapsed="2.009419"/>
</kw>
<msg time="2026-01-02T14:20:25.430803" level="INFO">🛑 Stopping recording on DUT: Phone</msg>
<msg time="2026-01-02T14:20:25.430803" level="INFO">📱 Device ID: 10BF3122K4000JT</msg>
<msg time="2026-01-02T14:20:26.763868" level="INFO">✅ Screen recording saved: C:\Robot_Framework_dev\Test Automation\Logs\Report_02-01-2026-14-20_00.66--%i\videos\Phone_20260102_142002_Verify_Keywords_on_DUT_using_Appium.mp4</msg>
<msg time="2026-01-02T14:20:26.771323" level="INFO" html="true">&lt;details style='margin:15px 0'&gt;&lt;summary&gt;&lt;b&gt;🎬 Screen Recordings &amp; Execution Log&lt;/b&gt;&lt;/summary&gt;
                &lt;div&gt;
                  &lt;b&gt;Phone&lt;/b&gt;&lt;br&gt;
                  &lt;video controls style="max-width:600px; max-height:400px;"&gt;
                    &lt;source src="videos/Phone_20260102_142002_Verify_Keywords_on_DUT_using_Appium.mp4" type="video/mp4"&gt;
                  &lt;/video&gt;&lt;br&gt;
                  &lt;a href="videos/Phone_20260102_142002_Verify_Keywords_on_DUT_using_Appium.mp4"&gt;⬇️ Download video&lt;/a&gt;
                &lt;/div&gt;&lt;hr&gt;
                
            &lt;b&gt;📄 Execution Log&lt;/b&gt;&lt;br&gt;
            &lt;a href="execution_logs/20260102_142002_Verify_Keywords_on_DUT_using_Appium.log"&gt;⬇️ Download execution log&lt;/a&gt;
            &lt;/details&gt;</msg>
<msg time="2026-01-02T14:20:26.772370" level="INFO" html="true">
        &lt;div id="execution-summary-container"&gt;
        &lt;style&gt;
        .row-pass { background:#e6ffed; }
        .row-fail { background:#ffe6e6; }
        .row-skip { background:#fff8e6; }
        tr:hover { background:#eaf2ff; }
        &lt;/style&gt;

        &lt;h2&gt;📊 Execution Summary&lt;/h2&gt;

        &lt;table border="1" cellpadding="6" cellspacing="0"
            style="border-collapse:collapse; width:100%"&gt;
        &lt;thead style="background:#f0f0f0"&gt;
            &lt;tr&gt;
            &lt;th&gt;Test Name&lt;/th&gt;
            &lt;th&gt;DUT(s)&lt;/th&gt;
            &lt;th&gt;Status&lt;/th&gt;
            &lt;th&gt;Duration&lt;/th&gt;
            &lt;th&gt;Video&lt;/th&gt;
            &lt;th&gt;Log&lt;/th&gt;
            &lt;/tr&gt;
        &lt;/thead&gt;
        &lt;tbody&gt;
            
            &lt;tr class="row-pass"&gt;
            &lt;td&gt;&lt;a href="#test-Verify_Keywords_on_DUT_using_Appium"&gt;Verify Keywords on DUT using Appium&lt;/a&gt;&lt;/td&gt;
            &lt;td&gt;Phone&lt;/td&gt;
            &lt;td&gt;PASS&lt;/td&gt;
            &lt;td&gt;0:00:24&lt;/td&gt;
            &lt;td style="text-align:center"&gt;🎬&lt;/td&gt;
            &lt;td style="text-align:center"&gt;📄&lt;/td&gt;
            &lt;/tr&gt;
            
            
        &lt;tr style="font-weight:bold; background:#f5f5f5"&gt;
        &lt;td colspan="2"&gt;TOTAL&lt;/td&gt;
        &lt;td&gt;✅ 1 | ❌ 0 | ⚠️ 0&lt;/td&gt;
        &lt;td colspan="3"&gt;&lt;/td&gt;
        &lt;/tr&gt;
        
        &lt;/tbody&gt;
        &lt;/table&gt;

        &lt;div style="margin-top:10px"&gt;
        &lt;b&gt;📦 Export Summary&lt;/b&gt;&lt;br&gt;
        &lt;a href="execution_summary.csv" target="_blank"&gt;⬇️ Download CSV&lt;/a&gt;&lt;br&gt;
        &lt;a href="execution_summary.json" target="_blank"&gt;⬇️ Download JSON&lt;/a&gt;
        &lt;/div&gt;
        &lt;/div&gt;

        &lt;script&gt;
        (function() {
            var s = document.getElementById("execution-summary-container");
            document.body.insertBefore(s, document.body.firstChild);
        })();
        &lt;/script&gt;
        &lt;hr&gt;
        </msg>
<status status="PASS" start="2026-01-02T14:20:02.284364" elapsed="23.146439"/>
</test>
<status status="PASS" start="2026-01-02T14:20:02.237500" elapsed="24.541233"/>
</suite>
<statistics>
<total>
<stat pass="1" fail="0" skip="0">All Tests</stat>
</total>
<tag>
</tag>
<suite>
<stat name="Test03" id="s1" pass="1" fail="0" skip="0">Test03</stat>
</suite>
</statistics>
<errors>
</errors>
</robot>
