<?xml version="1.0" encoding="UTF-8"?>
<robot generator="Robot 7.4.1 (Python 3.10.10 on win32)" generated="2025-12-31T13:28:01.298447" rpa="false" schemaversion="5">
<suite id="s1" name="Test02" source="C:\Robot_Framework_dev\Test Automation\TestSuite\test02.robot">
<test id="s1-t1" name="Establish adb connection" line="19">
<kw name="Get Device Id" owner="adb_keywords">
<msg time="2025-12-31T13:28:02.111700" level="INFO">${DEVICE_ID} = 10BF3122K4000JT</msg>
<var>${DEVICE_ID}</var>
<arg>Phone</arg>
<doc>Robot Framework keyword.
Returns the device_id for the requested DUT (Phone / Main / Cluster).</doc>
<status status="PASS" start="2025-12-31T13:28:02.111700" elapsed="0.000000"/>
</kw>
<kw name="Set Variable" owner="BuiltIn">
<msg time="2025-12-31T13:28:02.114485" level="INFO">${VIDEO_DIR} = videos</msg>
<var>${VIDEO_DIR}</var>
<arg>videos</arg>
<doc>Returns the given values which can then be assigned to a variables.</doc>
<status status="PASS" start="2025-12-31T13:28:02.114485" elapsed="0.001000"/>
</kw>
<kw name="Replace String" owner="String">
<msg time="2025-12-31T13:28:02.115745" level="INFO">${SAFE_TEST_NAME} = Establish_adb_connection</msg>
<var>${SAFE_TEST_NAME}</var>
<arg>${TEST NAME}</arg>
<arg>${SPACE}</arg>
<arg>_</arg>
<doc>Replaces ``search_for`` in the given ``string`` with ``replace_with``.</doc>
<status status="PASS" start="2025-12-31T13:28:02.115745" elapsed="0.000000"/>
</kw>
<kw name="Set Variable" owner="BuiltIn">
<msg time="2025-12-31T13:28:02.116744" level="INFO">${VIDEO_NAME} = Establish_adb_connection.mp4</msg>
<var>${VIDEO_NAME}</var>
<arg>${SAFE_TEST_NAME}.mp4</arg>
<doc>Returns the given values which can then be assigned to a variables.</doc>
<status status="PASS" start="2025-12-31T13:28:02.116744" elapsed="0.000000"/>
</kw>
<kw name="Set Variable" owner="BuiltIn">
<msg time="2025-12-31T13:28:02.119065" level="INFO">${DEVICE_VIDEO} = /sdcard/Establish_adb_connection.mp4</msg>
<var>${DEVICE_VIDEO}</var>
<arg>/sdcard/${VIDEO_NAME}</arg>
<doc>Returns the given values which can then be assigned to a variables.</doc>
<status status="PASS" start="2025-12-31T13:28:02.118065" elapsed="0.001000"/>
</kw>
<kw name="Set Variable" owner="BuiltIn">
<msg time="2025-12-31T13:28:02.120409" level="INFO">${LOCAL_VIDEO} = videos/Establish_adb_connection.mp4</msg>
<var>${LOCAL_VIDEO}</var>
<arg>${VIDEO_DIR}/${VIDEO_NAME}</arg>
<doc>Returns the given values which can then be assigned to a variables.</doc>
<status status="PASS" start="2025-12-31T13:28:02.119409" elapsed="0.001000"/>
</kw>
<kw name="Run Command" owner="adb_keywords">
<arg>if not exist ${VIDEO_DIR} mkdir ${VIDEO_DIR}</arg>
<doc>Runs any shell/adb/system command and returns the output.
Usage: Run Command    adb devices</doc>
<status status="PASS" start="2025-12-31T13:28:02.120841" elapsed="0.064349"/>
</kw>
<kw name="Start Screen Recording" owner="adb_keywords">
<msg time="2025-12-31T13:28:02.193922" level="INFO">${DEVICE_VIDEO} = /sdcard/10BF3122K4000JT_20251231_132802_Establish_adb_connection.mp4</msg>
<var>${DEVICE_VIDEO}</var>
<arg>${DEVICE_ID}</arg>
<arg>${TEST NAME}</arg>
<status status="PASS" start="2025-12-31T13:28:02.185190" elapsed="0.009722"/>
</kw>
<kw name="Sleep" owner="BuiltIn">
<msg time="2025-12-31T13:28:04.208333" level="INFO">Slept 2 seconds.</msg>
<arg>2s</arg>
<doc>Pauses the test executed for the given time.</doc>
<status status="PASS" start="2025-12-31T13:28:02.195037" elapsed="2.013542"/>
</kw>
<kw name="Establish Adb Connection" owner="adb_keywords">
<msg time="2025-12-31T13:28:04.274998" level="INFO">Device '10BF3122K4000JT' is already configured to the framework</msg>
<arg>${DUT.Phone}</arg>
<doc>Establish ADB connection using device_id from configuration.
If already connected, return status.</doc>
<status status="PASS" start="2025-12-31T13:28:04.209575" elapsed="0.065423"/>
</kw>
<kw name="Click By Image" owner="adb_keywords">
<msg time="2025-12-31T13:28:06.096671" level="INFO" html="true">&lt;b&gt;Image matched (confidence=1.000)&lt;/b&gt;&lt;br&gt;&lt;img src='highlighted_match.png' width='40%'&gt;</msg>
<msg time="2025-12-31T13:28:06.254901" level="INFO">Clicked at 125,2593 (match=0.9999997615814209)</msg>
<arg>Games_play.png</arg>
<arg>${DUT.Phone}</arg>
<doc>Takes screenshot using take_android_screenshot(),
performs template match, clicks, and logs highlighted image on specific device.
`dut_name`: DUT name as defined in configuration.ini</doc>
<status status="PASS" start="2025-12-31T13:28:04.274998" elapsed="1.985084"/>
</kw>
<kw name="Sleep" owner="BuiltIn">
<msg time="2025-12-31T13:28:08.272276" level="INFO">Slept 2 seconds.</msg>
<arg>2s</arg>
<doc>Pauses the test executed for the given time.</doc>
<status status="PASS" start="2025-12-31T13:28:06.264222" elapsed="2.008054"/>
</kw>
<kw name="Verify Image" owner="adb_keywords">
<msg time="2025-12-31T13:28:08.969740" level="INFO" html="true">&lt;b&gt;Captured Screen:&lt;/b&gt;&lt;br&gt;&lt;img src='C:\Robot_Framework_dev\Test Automation\verify_image_screen.png' width='300px'&gt;</msg>
<msg time="2025-12-31T13:28:08.970773" level="INFO" html="true">&lt;b&gt;Reference Image:&lt;/b&gt;&lt;br&gt;&lt;img src='C:\Robot_Framework_dev\Test Automation\Resources\images\Books_play.png' width='300px'&gt;</msg>
<msg time="2025-12-31T13:28:09.331426" level="INFO" html="true">&lt;b&gt;Captured Screen:&lt;/b&gt;&lt;br&gt;&lt;img src='C:\Robot_Framework_dev\Test Automation\verify_image_highlighted.png' width='300px'&gt;</msg>
<msg time="2025-12-31T13:28:10.029986" level="INFO" html="true">&lt;b&gt;Similarity Score:&lt;/b&gt; 1.000</msg>
<msg time="2025-12-31T13:28:10.029986" level="INFO" html="true">&lt;b&gt;Image Verification: PASS&lt;/b&gt;</msg>
<arg>Books_play.png</arg>
<arg>${DUT.Phone}</arg>
<doc>Verifies full or partial image match AND logs both images in Robot report.</doc>
<status status="PASS" start="2025-12-31T13:28:08.274541" elapsed="1.762306"/>
</kw>
<kw name="Sleep" owner="BuiltIn">
<msg time="2025-12-31T13:28:12.043201" level="INFO">Slept 2 seconds.</msg>
<arg>2s</arg>
<doc>Pauses the test executed for the given time.</doc>
<status status="PASS" start="2025-12-31T13:28:10.037593" elapsed="2.005608"/>
</kw>
<kw name="Swipe" owner="adb_keywords">
<msg time="2025-12-31T13:28:12.738597" level="INFO">Swipe 'up' performed successfully on Phone using (630, 2240, 630, 560)</msg>
<arg>up</arg>
<arg>${DUT.Phone}</arg>
<doc>Performs swipe on a specific DUT.</doc>
<status status="PASS" start="2025-12-31T13:28:12.043665" elapsed="0.694932"/>
</kw>
<kw name="Sleep" owner="BuiltIn">
<msg time="2025-12-31T13:28:14.751439" level="INFO">Slept 2 seconds.</msg>
<arg>2s</arg>
<doc>Pauses the test executed for the given time.</doc>
<status status="PASS" start="2025-12-31T13:28:12.740672" elapsed="2.010767"/>
</kw>
<kw name="Tap By Coordinates" owner="adb_keywords">
<msg time="2025-12-31T13:28:14.912456" level="INFO">Tapped search_icon at (625,2593) on device 10BF3122K4000JT</msg>
<arg>Playstore.json</arg>
<arg>search_icon</arg>
<arg>${DUT.Phone}</arg>
<doc>Tap on screen using X,Y coordinates from JSON key.
JSON is auto-loaded from Resources/Coordinates/.</doc>
<status status="PASS" start="2025-12-31T13:28:14.752566" elapsed="0.159890"/>
</kw>
<kw name="Sleep" owner="BuiltIn">
<msg time="2025-12-31T13:28:16.925533" level="INFO">Slept 2 seconds.</msg>
<arg>2s</arg>
<doc>Pauses the test executed for the given time.</doc>
<status status="PASS" start="2025-12-31T13:28:14.916067" elapsed="2.009466"/>
</kw>
<kw name="Stop Screen Recording" owner="adb_keywords">
<msg time="2025-12-31T13:28:16.957074" level="INFO">Stopped screen recording on 10BF3122K4000JT</msg>
<msg time="2025-12-31T13:28:18.202403" level="INFO">Video pulled to videos</msg>
<msg time="2025-12-31T13:28:18.202403" level="INFO">${LOCAL_VIDEO} = videos</msg>
<var>${LOCAL_VIDEO}</var>
<arg>${DEVICE_ID}</arg>
<arg>${VIDEO_DIR}</arg>
<doc>Stop screenrecord and pull video.</doc>
<status status="PASS" start="2025-12-31T13:28:16.926474" elapsed="1.275929"/>
</kw>
<kw name="Get Absolute Path" owner="adb_keywords">
<msg time="2025-12-31T13:28:18.208378" level="INFO">${ABS_LOCAL_VIDEO} = C:\Robot_Framework_dev\Test Automation\videos</msg>
<var>${ABS_LOCAL_VIDEO}</var>
<arg>${LOCAL_VIDEO}</arg>
<doc>Return absolute path of a file.</doc>
<status status="PASS" start="2025-12-31T13:28:18.205637" elapsed="0.004558"/>
</kw>
<kw name="Log" owner="BuiltIn">
<msg time="2025-12-31T13:28:18.214589" level="INFO" html="true">&lt;a href="file://C:\Robot_Framework_dev\Test Automation\videos"&gt;📹 Failure Video&lt;/a&gt;</msg>
<arg>&lt;a href="file://${ABS_LOCAL_VIDEO}"&gt;📹 Failure Video&lt;/a&gt;</arg>
<arg>html=True</arg>
<doc>Logs the given message with the given level.</doc>
<status status="PASS" start="2025-12-31T13:28:18.210731" elapsed="0.004360"/>
</kw>
<status status="PASS" start="2025-12-31T13:28:02.110701" elapsed="16.105385"/>
</test>
<status status="PASS" start="2025-12-31T13:28:01.302752" elapsed="16.917828"/>
</suite>
<statistics>
<total>
<stat pass="1" fail="0" skip="0">All Tests</stat>
</total>
<tag>
</tag>
<suite>
<stat name="Test02" id="s1" pass="1" fail="0" skip="0">Test02</stat>
</suite>
</statistics>
<errors>
</errors>
</robot>
