<?xml version="1.0" encoding="UTF-8"?>
<robot generator="Robot 7.4.1 (Python 3.10.10 on win32)" generated="2025-12-31T18:14:34.790123" rpa="false" schemaversion="5">
<suite id="s1" name="Test03" source="C:\Robot_Framework_dev\Test Automation\TestSuite\test03.robot">
<test id="s1-t1" name="Verify Text on DUT using Appium" line="14">
<kw name="Verify Text Appium Full" owner="appium_keywords">
<msg time="2025-12-31T18:14:43.317502" level="INFO" html="true">&lt;b&gt;Verifying text:&lt;/b&gt; 'Hunting Sniper'</msg>
<msg time="2025-12-31T18:14:44.594681" level="INFO" html="true">&lt;b&gt;Visible texts on screen:&lt;/b&gt;&lt;br&gt;Sponsored&lt;br&gt;Organized with AI&lt;br&gt;Competitive multiplayer action games&lt;br&gt;Install&lt;br&gt;In-app purchases&lt;br&gt;Free Fire MAX offers a premium battle royale experience with fast-paced 50-player matches and 4-person squads with in-game voice chat.&lt;br&gt;Play&lt;br&gt;Action games&lt;br&gt;Games&lt;br&gt;Apps&lt;br&gt;Search&lt;br&gt;Books&lt;br&gt;You</msg>
<msg time="2025-12-31T18:14:44.595682" level="FAIL">Exact text 'Hunting Sniper' not found on screen</msg>
<arg>Hunting Sniper</arg>
<arg>${DUT.Phone}</arg>
<doc>Verifies FULL visible text using Appium (exact match).
Fails if only partial text is found.</doc>
<status status="FAIL" start="2025-12-31T18:14:35.465030" elapsed="9.132514">Exact text 'Hunting Sniper' not found on screen</status>
</kw>
<status status="FAIL" start="2025-12-31T18:14:35.463037" elapsed="9.135919">Exact text 'Hunting Sniper' not found on screen</status>
</test>
<status status="FAIL" start="2025-12-31T18:14:34.793809" elapsed="9.810203"/>
</suite>
<statistics>
<total>
<stat pass="0" fail="1" skip="0">All Tests</stat>
</total>
<tag>
</tag>
<suite>
<stat name="Test03" id="s1" pass="0" fail="1" skip="0">Test03</stat>
</suite>
</statistics>
<errors>
</errors>
</robot>
