<?xml version="1.0" encoding="UTF-8"?>
<robot generator="Robot 7.3.2 (Python 3.10.8 on win32)" generated="2025-12-07T21:43:50.663334" rpa="false" schemaversion="5">
<suite id="s1" name="TestSuite" source="C:\Users\nadik\Robot_Framework_dev\aut\TestSuite">
<suite id="s1-s1" name="Test01" source="C:\Users\nadik\Robot_Framework_dev\aut\TestSuite\test01.robot">
<test id="s1-s1-t1" name="Get Device Id Test" line="15">
<kw name="Get Device Id" owner="adb_keywords">
<msg time="2025-12-07T21:43:50.813234" level="INFO">${id} = 10BF3122K4000JT</msg>
<var>${id}</var>
<arg>${DUT.Phone}</arg>
<doc>Robot Framework keyword.
Returns the device_id for the requested DUT (Phone / Main / Cluster).</doc>
<status status="PASS" start="2025-12-07T21:43:50.803724" elapsed="0.009510"/>
</kw>
<kw name="Log" owner="BuiltIn">
<msg time="2025-12-07T21:43:50.813234" level="INFO">10BF3122K4000JT</msg>
<arg>${id}</arg>
<doc>Logs the given message with the given level.</doc>
<status status="PASS" start="2025-12-07T21:43:50.813234" elapsed="0.000000"/>
</kw>
<status status="PASS" start="2025-12-07T21:43:50.803724" elapsed="0.009510"/>
</test>
<test id="s1-s1-t2" name="Swipe screen" line="23">
<kw name="Swipe" owner="adb_keywords">
<msg time="2025-12-07T21:43:50.885778" level="FAIL">Unable to get screen size</msg>
<arg>left</arg>
<doc>Performs swipe on DUT.
direction = right | left | up | down
duration = swipe speed in ms</doc>
<status status="FAIL" start="2025-12-07T21:43:50.813234" elapsed="0.072544">Unable to get screen size</status>
</kw>
<kw name="Swipe" owner="adb_keywords">
<arg>right</arg>
<doc>Performs swipe on DUT.
direction = right | left | up | down
duration = swipe speed in ms</doc>
<status status="NOT RUN" start="2025-12-07T21:43:50.886769" elapsed="0.000000"/>
</kw>
<status status="FAIL" start="2025-12-07T21:43:50.813234" elapsed="0.074048">Unable to get screen size</status>
</test>
<test id="s1-s1-t3" name="Click Element On Phone DUT" line="27">
<kw name="Click Element By Text" owner="adb_keywords">
<msg time="2025-12-07T21:43:51.023514" level="FAIL">Text 'Play Store' not found on screen.</msg>
<arg>Play Store</arg>
<arg>${DUT.Phone}</arg>
<doc>Robot keyword: Click UI element using visible text.
If dut_name provided → use adb -s &lt;device_id&gt;, else use default ADB.</doc>
<status status="FAIL" start="2025-12-07T21:43:50.889806" elapsed="0.144106">Text 'Play Store' not found on screen.</status>
</kw>
<kw name="Sleep" owner="BuiltIn">
<arg>2s</arg>
<doc>Pauses the test executed for the given time.</doc>
<status status="NOT RUN" start="2025-12-07T21:43:51.034785" elapsed="0.000000"/>
</kw>
<status status="FAIL" start="2025-12-07T21:43:50.888294" elapsed="0.146491">Text 'Play Store' not found on screen.</status>
</test>
<test id="s1-s1-t4" name="verify captured image" line="39">
<kw name="Verify Image" owner="adb_keywords">
<msg time="2025-12-07T21:43:51.095435" level="INFO" html="true">&lt;b&gt;Captured Screen:&lt;/b&gt;&lt;br&gt;&lt;img src='C:\Users\nadik\Robot_Framework_dev\aut\verify_image_screen.png' width='300px'&gt;</msg>
<msg time="2025-12-07T21:43:51.095435" level="INFO" html="true">&lt;b&gt;Reference Image:&lt;/b&gt;&lt;br&gt;&lt;img src='C:/Users/nadik/Robot_Framework_dev/aut/Resources/images/Playstore_home.png' width='300px'&gt;</msg>
<msg time="2025-12-07T21:43:51.309698" level="INFO" html="true">&lt;b&gt;Similarity Score:&lt;/b&gt; 1.000</msg>
<msg time="2025-12-07T21:43:51.309698" level="INFO" html="true">&lt;b&gt;Image Verification: PASS&lt;/b&gt;</msg>
<arg>C:/Users/nadik/Robot_Framework_dev/aut/Resources/images/Playstore_home.png</arg>
<doc>]
Verifies full or partial image match AND logs both images in Robot report.</doc>
<status status="PASS" start="2025-12-07T21:43:51.035798" elapsed="0.274901"/>
</kw>
<kw name="Sleep" owner="BuiltIn">
<msg time="2025-12-07T21:43:54.316572" level="INFO">Slept 3 seconds.</msg>
<arg>3s</arg>
<doc>Pauses the test executed for the given time.</doc>
<status status="PASS" start="2025-12-07T21:43:51.310699" elapsed="3.005873"/>
</kw>
<status status="PASS" start="2025-12-07T21:43:51.035798" elapsed="3.281658"/>
</test>
<test id="s1-s1-t5" name="verify text" line="43">
<kw name="Verify Text On Screen" owner="adb_keywords">
<msg time="2025-12-07T21:43:54.958699" level="INFO" html="true">Verified text (any word matched): &lt;b&gt;Kids&lt;/b&gt;</msg>
<msg time="2025-12-07T21:43:54.958699" level="INFO" html="true">&lt;img src="C:\Users\nadik\Robot_Framework_dev\aut\highlighted_verify_text.png" width="450px"&gt;</msg>
<arg>Kids</arg>
<status status="PASS" start="2025-12-07T21:43:54.320533" elapsed="0.638166"/>
</kw>
<kw name="Sleep" owner="BuiltIn">
<msg time="2025-12-07T21:43:57.967151" level="INFO">Slept 3 seconds.</msg>
<arg>3s</arg>
<doc>Pauses the test executed for the given time.</doc>
<status status="PASS" start="2025-12-07T21:43:54.959704" elapsed="3.007447"/>
</kw>
<status status="PASS" start="2025-12-07T21:43:54.319379" elapsed="3.647772"/>
</test>
<test id="s1-s1-t6" name="Swipe screen" line="47">
<kw name="Swipe" owner="adb_keywords">
<msg time="2025-12-07T21:43:58.048025" level="FAIL">Unable to get screen size</msg>
<arg>up</arg>
<doc>Performs swipe on DUT.
direction = right | left | up | down
duration = swipe speed in ms</doc>
<status status="FAIL" start="2025-12-07T21:43:57.969811" elapsed="0.078214">Unable to get screen size</status>
</kw>
<kw name="Swipe" owner="adb_keywords">
<arg>up</arg>
<doc>Performs swipe on DUT.
direction = right | left | up | down
duration = swipe speed in ms</doc>
<status status="NOT RUN" start="2025-12-07T21:43:58.048025" elapsed="0.000000"/>
</kw>
<kw name="Swipe" owner="adb_keywords">
<arg>down</arg>
<doc>Performs swipe on DUT.
direction = right | left | up | down
duration = swipe speed in ms</doc>
<status status="NOT RUN" start="2025-12-07T21:43:58.049534" elapsed="0.000000"/>
</kw>
<kw name="Swipe" owner="adb_keywords">
<arg>down</arg>
<doc>Performs swipe on DUT.
direction = right | left | up | down
duration = swipe speed in ms</doc>
<status status="NOT RUN" start="2025-12-07T21:43:58.049534" elapsed="0.000000"/>
</kw>
<kw name="Sleep" owner="BuiltIn">
<arg>3s</arg>
<doc>Pauses the test executed for the given time.</doc>
<status status="NOT RUN" start="2025-12-07T21:43:58.051059" elapsed="0.000000"/>
</kw>
<status status="FAIL" start="2025-12-07T21:43:57.969811" elapsed="0.081681">Unable to get screen size</status>
</test>
<test id="s1-s1-t7" name="Click by image" line="53">
<kw name="Click By Image" owner="adb_keywords">
<msg time="2025-12-07T21:43:58.455690" level="FAIL">Image not found. Match score=0.4647248089313507</msg>
<arg>C:/Users/nadik/Robot_Framework_dev/aut/Resources/images/Games_play.png</arg>
<doc>Takes screenshot using take_android_screenshot(),
performs template match, clicks, and logs highlighted image.</doc>
<status status="FAIL" start="2025-12-07T21:43:58.052141" elapsed="0.403549">Image not found. Match score=0.4647248089313507</status>
</kw>
<status status="FAIL" start="2025-12-07T21:43:58.052141" elapsed="0.404547">Image not found. Match score=0.4647248089313507</status>
</test>
<test id="s1-s1-t8" name="Click Element On Phone DUT" line="56">
<kw name="Click Element By Text" owner="adb_keywords">
<arg>Search</arg>
<arg>${DUT.Phone}</arg>
<doc>Robot keyword: Click UI element using visible text.
If dut_name provided → use adb -s &lt;device_id&gt;, else use default ADB.</doc>
<status status="PASS" start="2025-12-07T21:43:58.456688" elapsed="0.164649"/>
</kw>
<kw name="Click Element By Text" owner="adb_keywords">
<arg>Search</arg>
<arg>${DUT.Phone}</arg>
<doc>Robot keyword: Click UI element using visible text.
If dut_name provided → use adb -s &lt;device_id&gt;, else use default ADB.</doc>
<status status="PASS" start="2025-12-07T21:43:58.621337" elapsed="0.151389"/>
</kw>
<kw name="Sleep" owner="BuiltIn">
<msg time="2025-12-07T21:44:00.785272" level="INFO">Slept 2 seconds.</msg>
<arg>2s</arg>
<doc>Pauses the test executed for the given time.</doc>
<status status="PASS" start="2025-12-07T21:43:58.773738" elapsed="2.011534"/>
</kw>
<status status="PASS" start="2025-12-07T21:43:58.456688" elapsed="2.330658"/>
</test>
<test id="s1-s1-t9" name="Input text" line="61">
<kw name="Input Text" owner="adb_keywords">
<arg>bgmi</arg>
<doc>Inputs the given text on the connected Android device
using ADB input text command.</doc>
<status status="PASS" start="2025-12-07T21:44:00.794361" elapsed="0.085305"/>
</kw>
<status status="PASS" start="2025-12-07T21:44:00.787346" elapsed="0.092320"/>
</test>
<test id="s1-s1-t10" name="Click by image" line="68">
<kw name="Click By Image" owner="adb_keywords">
<msg time="2025-12-07T21:44:01.287535" level="INFO" html="true">&lt;b&gt;Image matched (confidence=1.000)&lt;/b&gt;&lt;br&gt;&lt;img src='highlighted_match.png' width='40%'&gt;</msg>
<arg>C:/Users/nadik/Robot_Framework_dev/aut/Resources/images/Search_play.png</arg>
<doc>Takes screenshot using take_android_screenshot(),
performs template match, clicks, and logs highlighted image.</doc>
<status status="PASS" start="2025-12-07T21:44:00.883630" elapsed="0.474054"/>
</kw>
<status status="PASS" start="2025-12-07T21:44:00.880681" elapsed="0.477003"/>
</test>
<status status="FAIL" start="2025-12-07T21:43:50.683495" elapsed="10.675192"/>
</suite>
<status status="FAIL" start="2025-12-07T21:43:50.673282" elapsed="10.686401"/>
</suite>
<statistics>
<total>
<stat pass="6" fail="4" skip="0">All Tests</stat>
</total>
<tag>
</tag>
<suite>
<stat name="TestSuite" id="s1" pass="6" fail="4" skip="0">TestSuite</stat>
<stat name="Test01" id="s1-s1" pass="6" fail="4" skip="0">TestSuite.Test01</stat>
</suite>
</statistics>
<errors>
<msg time="2025-12-07T21:43:57.969811" level="WARN">Multiple tests with name 'Swipe screen' executed in suite 'TestSuite.Test01'.</msg>
<msg time="2025-12-07T21:43:58.456688" level="WARN">Multiple tests with name 'Click Element On Phone DUT' executed in suite 'TestSuite.Test01'.</msg>
<msg time="2025-12-07T21:44:00.880681" level="WARN">Multiple tests with name 'Click by image' executed in suite 'TestSuite.Test01'.</msg>
</errors>
</robot>
