<?xml version="1.0" encoding="UTF-8"?>
<robot generator="Robot 7.4.1 (Python 3.10.10 on win32)" generated="2025-12-31T18:51:12.353595" rpa="false" schemaversion="5">
<suite id="s1" name="Test03" source="C:\Robot_Framework_dev\Test Automation\TestSuite\test03.robot">
<test id="s1-t1" name="Verify Text on DUT using Appium" line="14">
<kw name="Verify Text Appium Full" owner="appium_keywords">
<msg time="2025-12-31T18:51:21.635849" level="INFO" html="true">&lt;b&gt;Verifying text:&lt;/b&gt; 'Kids'</msg>
<msg time="2025-12-31T18:51:23.381821" level="INFO" html="true">&lt;b&gt;Visible texts on screen:&lt;/b&gt;&lt;br&gt;In-app purchases&lt;br&gt;Spotlight&lt;br&gt;From blockbusters to hidden gems: Your monthly binge list&lt;br&gt;Picks from the Play Editors&lt;br&gt;Sponsored&lt;br&gt;Suggested for you&lt;br&gt;Dating apps&lt;br&gt;For you&lt;br&gt;Top charts&lt;br&gt;Kids&lt;br&gt;Categories&lt;br&gt;Games&lt;br&gt;Apps&lt;br&gt;Search&lt;br&gt;Books&lt;br&gt;You</msg>
<msg time="2025-12-31T18:51:23.381821" level="INFO" html="true">&lt;b style='color:green'&gt;TEXT VERIFIED: Kids&lt;/b&gt;</msg>
<arg>Kids</arg>
<arg>${DUT.Phone}</arg>
<doc>Verifies FULL visible text using Appium (exact match).
Fails if only partial text is found.</doc>
<status status="PASS" start="2025-12-31T18:51:13.298662" elapsed="10.083159"/>
</kw>
<kw name="Tap By Coordinates" owner="appium_keywords">
<msg time="2025-12-31T18:51:23.502660" level="INFO" html="true">&lt;b&gt;Tapped 'search_icon' at (625,2593) on DUT 'Phone'&lt;/b&gt;</msg>
<arg>Playstore.json</arg>
<arg>search_icon</arg>
<arg>${DUT.Phone}</arg>
<doc>Tap on screen using X,Y coordinates from JSON key using Appium (mobile: tap).</doc>
<status status="PASS" start="2025-12-31T18:51:23.384425" elapsed="0.118235"/>
</kw>
<kw name="Tap By Text" owner="appium_keywords">
<msg time="2025-12-31T18:51:24.514634" level="FAIL">TesseractNotFoundError: tesseract is not installed or it's not in your PATH. See README file for more information.</msg>
<arg>Action</arg>
<arg>${DUT.Phone}</arg>
<doc>Tap on visible text using OCR and Appium clickGesture.
Works without XML / UI dump.</doc>
<status status="FAIL" start="2025-12-31T18:51:23.505078" elapsed="1.256174">TesseractNotFoundError: tesseract is not installed or it's not in your PATH. See README file for more information.</status>
</kw>
<status status="FAIL" start="2025-12-31T18:51:13.296668" elapsed="11.465542">TesseractNotFoundError: tesseract is not installed or it's not in your PATH. See README file for more information.</status>
</test>
<status status="FAIL" start="2025-12-31T18:51:12.356727" elapsed="12.406480"/>
</suite>
<statistics>
<total>
<stat pass="0" fail="1" skip="0">All Tests</stat>
</total>
<tag>
</tag>
<suite>
<stat name="Test03" id="s1" pass="0" fail="1" skip="0">Test03</stat>
</suite>
</statistics>
<errors>
</errors>
</robot>
