<?xml version="1.0" encoding="UTF-8"?>
<robot generator="Robot 7.4.1 (Python 3.10.10 on win32)" generated="2025-12-31T17:52:44.243552" rpa="false" schemaversion="5">
<suite id="s1" name="Test02" source="C:\Robot_Framework_dev\Test Automation\TestSuite\test02.robot">
<test id="s1-t1" name="Verify Text on DUT using Appium" line="49">
<kw name="verify_text_appium_full">
<msg time="2025-12-31T17:52:45.387284" level="FAIL">No keyword with name 'verify_text_appium_full' found.</msg>
<arg>Albums</arg>
<arg>${DUT.Phone}</arg>
<status status="FAIL" start="2025-12-31T17:52:45.385772" elapsed="0.001512">No keyword with name 'verify_text_appium_full' found.</status>
</kw>
<status status="FAIL" start="2025-12-31T17:52:45.374781" elapsed="0.013500">No keyword with name 'verify_text_appium_full' found.</status>
</test>
<status status="FAIL" start="2025-12-31T17:52:44.246543" elapsed="1.145235"/>
</suite>
<statistics>
<total>
<stat pass="0" fail="1" skip="0">All Tests</stat>
</total>
<tag>
</tag>
<suite>
<stat name="Test02" id="s1" pass="0" fail="1" skip="0">Test02</stat>
</suite>
</statistics>
<errors>
<msg time="2025-12-31T17:52:45.366642" level="WARN">Imported library 'C:\Robot_Framework_dev\Test Automation\Keywords\appium_keywords.py' contains no keywords.</msg>
</errors>
</robot>
