<?xml version="1.0" encoding="UTF-8"?>
<robot generator="Robot 7.4.1 (Python 3.10.10 on win32)" generated="2025-12-31T18:18:33.146543" rpa="false" schemaversion="5">
<suite id="s1" name="Test03" source="C:\Robot_Framework_dev\Test Automation\TestSuite\test03.robot">
<test id="s1-t1" name="Verify Text on DUT using Appium" line="14">
<kw name="Verify Text Appium Full" owner="appium_keywords">
<msg time="2025-12-31T18:18:41.868941" level="INFO" html="true">&lt;b&gt;Verifying text:&lt;/b&gt; 'Kids'</msg>
<msg time="2025-12-31T18:18:43.503178" level="INFO" html="true">&lt;b&gt;Visible texts on screen:&lt;/b&gt;&lt;br&gt;Update available&lt;br&gt;Race the new track set in India!&lt;br&gt;Play&lt;br&gt;Sponsored&lt;br&gt;Suggested for you&lt;br&gt;Recommended for you&lt;br&gt;For you&lt;br&gt;Top charts&lt;br&gt;Kids&lt;br&gt;Premium&lt;br&gt;Categories&lt;br&gt;Games&lt;br&gt;Apps&lt;br&gt;Search&lt;br&gt;Books&lt;br&gt;You</msg>
<msg time="2025-12-31T18:18:43.504179" level="INFO" html="true">&lt;b style='color:green'&gt;TEXT VERIFIED: Kids&lt;/b&gt;</msg>
<arg>Kids</arg>
<arg>${DUT.Phone}</arg>
<doc>Verifies FULL visible text using Appium (exact match).
Fails if only partial text is found.</doc>
<status status="PASS" start="2025-12-31T18:18:33.975690" elapsed="9.528489"/>
</kw>
<status status="PASS" start="2025-12-31T18:18:33.974692" elapsed="9.531419"/>
</test>
<status status="PASS" start="2025-12-31T18:18:33.150496" elapsed="10.358382"/>
</suite>
<statistics>
<total>
<stat pass="1" fail="0" skip="0">All Tests</stat>
</total>
<tag>
</tag>
<suite>
<stat name="Test03" id="s1" pass="1" fail="0" skip="0">Test03</stat>
</suite>
</statistics>
<errors>
</errors>
</robot>
