<?xml version="1.0" encoding="UTF-8"?>
<robot generator="Robot 7.4.1 (Python 3.10.10 on win32)" generated="2025-12-31T19:06:21.408178" rpa="false" schemaversion="5">
<suite id="s1" name="Test03" source="C:\Robot_Framework_dev\Test Automation\TestSuite\test03.robot">
<test id="s1-t1" name="Verify Text on DUT using Appium" line="14">
<kw name="Verify Text Appium Full" owner="appium_keywords">
<msg time="2025-12-31T19:06:31.061517" level="INFO" html="true">&lt;b&gt;Verifying text:&lt;/b&gt; 'Kids'</msg>
<msg time="2025-12-31T19:06:32.257174" level="INFO" html="true">&lt;b&gt;Visible texts on screen:&lt;/b&gt;&lt;br&gt;In-app purchases&lt;br&gt;Ends on 1/21/26&lt;br&gt;Watch Feludar Goyendagiri: Royal Bengal Rawhoshyo from 24th December&lt;br&gt;Install&lt;br&gt;In-app purchases&lt;br&gt;Sponsored&lt;br&gt;Suggested for you&lt;br&gt;Dating apps&lt;br&gt;For you&lt;br&gt;Top charts&lt;br&gt;Kids&lt;br&gt;Categories&lt;br&gt;Games&lt;br&gt;Apps&lt;br&gt;Search&lt;br&gt;Books&lt;br&gt;You</msg>
<msg time="2025-12-31T19:06:32.257174" level="INFO" html="true">&lt;b style='color:green'&gt;TEXT VERIFIED: Kids&lt;/b&gt;</msg>
<arg>Kids</arg>
<arg>${DUT.Phone}</arg>
<doc>Verifies FULL visible text using Appium (exact match).
Fails if only partial text is found.</doc>
<status status="PASS" start="2025-12-31T19:06:22.371388" elapsed="9.885786"/>
</kw>
<kw name="Tap By Coordinates" owner="appium_keywords">
<msg time="2025-12-31T19:06:32.366143" level="INFO" html="true">&lt;b&gt;Tapped 'search_icon' at (625,2593) on DUT 'Phone'&lt;/b&gt;</msg>
<arg>Playstore.json</arg>
<arg>search_icon</arg>
<arg>${DUT.Phone}</arg>
<doc>Tap on screen using X,Y coordinates from JSON key using Appium (mobile: tap).</doc>
<status status="PASS" start="2025-12-31T19:06:32.259263" elapsed="0.106880"/>
</kw>
<kw name="Tap By Text" owner="appium_keywords">
<msg time="2025-12-31T19:06:35.004377" level="INFO" html="true">&lt;b style='color:green'&gt;Tapped on text:&lt;/b&gt; Action&lt;br&gt;&lt;img src='ocr_highlighted.png' width='40%'&gt;</msg>
<arg>Action</arg>
<arg>${DUT.Phone}</arg>
<doc>Tap on visible text using OCR and Appium clickGesture.
Works without XML / UI dump.</doc>
<status status="PASS" start="2025-12-31T19:06:32.368747" elapsed="2.641378"/>
</kw>
<status status="PASS" start="2025-12-31T19:06:22.370392" elapsed="12.640397"/>
</test>
<status status="PASS" start="2025-12-31T19:06:21.412166" elapsed="13.602790"/>
</suite>
<statistics>
<total>
<stat pass="1" fail="0" skip="0">All Tests</stat>
</total>
<tag>
</tag>
<suite>
<stat name="Test03" id="s1" pass="1" fail="0" skip="0">Test03</stat>
</suite>
</statistics>
<errors>
</errors>
</robot>
