<?xml version="1.0" encoding="UTF-8"?>
<robot generator="Robot 7.4.1 (Python 3.10.10 on win32)" generated="2025-12-31T17:49:08.996789" rpa="false" schemaversion="5">
<suite id="s1" name="Test02" source="C:\Robot_Framework_dev\Test Automation\TestSuite\test02.robot">
<test id="s1-t1" name="Establish adb connection" line="19">
<kw name="Get Device Id" owner="adb_keywords">
<msg time="2025-12-31T17:49:09.724328" level="INFO">${DEVICE_ID} = 10BF3122K4000JT</msg>
<var>${DEVICE_ID}</var>
<arg>Phone</arg>
<doc>Robot Framework keyword.
Returns the device_id for the requested DUT (Phone / Main / Cluster).</doc>
<status status="PASS" start="2025-12-31T17:49:09.723829" elapsed="0.000499"/>
</kw>
<kw name="Set Variable" owner="BuiltIn">
<msg time="2025-12-31T17:49:09.726984" level="INFO">${VIDEO_DIR} = videos</msg>
<var>${VIDEO_DIR}</var>
<arg>videos</arg>
<doc>Returns the given values which can then be assigned to a variables.</doc>
<status status="PASS" start="2025-12-31T17:49:09.725987" elapsed="0.000997"/>
</kw>
<kw name="Replace String" owner="String">
<msg time="2025-12-31T17:49:09.728443" level="INFO">${SAFE_TEST_NAME} = Establish_adb_connection</msg>
<var>${SAFE_TEST_NAME}</var>
<arg>${TEST NAME}</arg>
<arg>${SPACE}</arg>
<arg>_</arg>
<doc>Replaces ``search_for`` in the given ``string`` with ``replace_with``.</doc>
<status status="PASS" start="2025-12-31T17:49:09.726984" elapsed="0.001459"/>
</kw>
<kw name="Set Variable" owner="BuiltIn">
<msg time="2025-12-31T17:49:09.730891" level="INFO">${VIDEO_NAME} = Establish_adb_connection.mp4</msg>
<var>${VIDEO_NAME}</var>
<arg>${SAFE_TEST_NAME}.mp4</arg>
<doc>Returns the given values which can then be assigned to a variables.</doc>
<status status="PASS" start="2025-12-31T17:49:09.729640" elapsed="0.001251"/>
</kw>
<kw name="Set Variable" owner="BuiltIn">
<msg time="2025-12-31T17:49:09.731889" level="INFO">${DEVICE_VIDEO} = /sdcard/Establish_adb_connection.mp4</msg>
<var>${DEVICE_VIDEO}</var>
<arg>/sdcard/${VIDEO_NAME}</arg>
<doc>Returns the given values which can then be assigned to a variables.</doc>
<status status="PASS" start="2025-12-31T17:49:09.731889" elapsed="0.000000"/>
</kw>
<kw name="Set Variable" owner="BuiltIn">
<msg time="2025-12-31T17:49:09.733893" level="INFO">${LOCAL_VIDEO} = videos/Establish_adb_connection.mp4</msg>
<var>${LOCAL_VIDEO}</var>
<arg>${VIDEO_DIR}/${VIDEO_NAME}</arg>
<doc>Returns the given values which can then be assigned to a variables.</doc>
<status status="PASS" start="2025-12-31T17:49:09.732884" elapsed="0.001009"/>
</kw>
<kw name="Run Command" owner="adb_keywords">
<arg>if not exist ${VIDEO_DIR} mkdir ${VIDEO_DIR}</arg>
<doc>Runs any shell/adb/system command and returns the output.
Usage: Run Command    adb devices</doc>
<status status="PASS" start="2025-12-31T17:49:09.750777" elapsed="0.037892"/>
</kw>
<kw name="Start Screen Recording" owner="adb_keywords">
<msg time="2025-12-31T17:49:09.799185" level="INFO">${DEVICE_VIDEO} = /sdcard/10BF3122K4000JT_20251231_174909_Establish_adb_connection.mp4</msg>
<var>${DEVICE_VIDEO}</var>
<arg>${DEVICE_ID}</arg>
<arg>${TEST NAME}</arg>
<status status="PASS" start="2025-12-31T17:49:09.789365" elapsed="0.009820"/>
</kw>
<kw name="Sleep" owner="BuiltIn">
<msg time="2025-12-31T17:49:11.807294" level="INFO">Slept 2 seconds.</msg>
<arg>2s</arg>
<doc>Pauses the test executed for the given time.</doc>
<status status="PASS" start="2025-12-31T17:49:09.800184" elapsed="2.007110"/>
</kw>
<kw name="Establish Adb Connection" owner="adb_keywords">
<msg time="2025-12-31T17:49:11.923948" level="INFO">Device '10BF3122K4000JT' is already configured to the framework</msg>
<arg>${DUT.Phone}</arg>
<doc>Establish ADB connection using device_id from configuration.
If already connected, return status.</doc>
<status status="PASS" start="2025-12-31T17:49:11.809457" elapsed="0.114491"/>
</kw>
<kw name="Click By Image" owner="adb_keywords">
<msg time="2025-12-31T17:49:13.391771" level="INFO" html="true">&lt;b&gt;Image matched (confidence=1.000)&lt;/b&gt;&lt;br&gt;&lt;img src='highlighted_match.png' width='40%'&gt;</msg>
<msg time="2025-12-31T17:49:13.537590" level="INFO">Clicked at 125,2593 (match=0.9999997615814209)</msg>
<arg>Games_play.png</arg>
<arg>${DUT.Phone}</arg>
<doc>Takes screenshot using take_android_screenshot(),
performs template match, clicks, and logs highlighted image on specific device.
`dut_name`: DUT name as defined in configuration.ini</doc>
<status status="PASS" start="2025-12-31T17:49:11.924710" elapsed="1.612880"/>
</kw>
<kw name="Sleep" owner="BuiltIn">
<msg time="2025-12-31T17:49:15.546692" level="INFO">Slept 2 seconds.</msg>
<arg>2s</arg>
<doc>Pauses the test executed for the given time.</doc>
<status status="PASS" start="2025-12-31T17:49:13.545139" elapsed="2.001553"/>
</kw>
<kw name="Verify Image" owner="adb_keywords">
<msg time="2025-12-31T17:49:16.173797" level="INFO" html="true">&lt;b&gt;Captured Screen:&lt;/b&gt;&lt;br&gt;&lt;img src='C:\Robot_Framework_dev\Test Automation\verify_image_screen.png' width='300px'&gt;</msg>
<msg time="2025-12-31T17:49:16.173797" level="INFO" html="true">&lt;b&gt;Reference Image:&lt;/b&gt;&lt;br&gt;&lt;img src='C:\Robot_Framework_dev\Test Automation\Resources\images\Books_play.png' width='300px'&gt;</msg>
<msg time="2025-12-31T17:49:16.506374" level="INFO" html="true">&lt;b&gt;Captured Screen:&lt;/b&gt;&lt;br&gt;&lt;img src='C:\Robot_Framework_dev\Test Automation\verify_image_highlighted.png' width='300px'&gt;</msg>
<msg time="2025-12-31T17:49:17.032094" level="INFO" html="true">&lt;b&gt;Similarity Score:&lt;/b&gt; 1.000</msg>
<msg time="2025-12-31T17:49:17.032094" level="INFO" html="true">&lt;b&gt;Image Verification: PASS&lt;/b&gt;</msg>
<arg>Books_play.png</arg>
<arg>${DUT.Phone}</arg>
<doc>Verifies full or partial image match AND logs both images in Robot report.</doc>
<status status="PASS" start="2025-12-31T17:49:15.547997" elapsed="1.484097"/>
</kw>
<kw name="Sleep" owner="BuiltIn">
<msg time="2025-12-31T17:49:19.046901" level="INFO">Slept 2 seconds.</msg>
<arg>2s</arg>
<doc>Pauses the test executed for the given time.</doc>
<status status="PASS" start="2025-12-31T17:49:17.038178" elapsed="2.008723"/>
</kw>
<kw name="Swipe" owner="adb_keywords">
<msg time="2025-12-31T17:49:19.607115" level="INFO">Swipe 'up' performed successfully on Phone using (630, 2240, 630, 560)</msg>
<arg>up</arg>
<arg>${DUT.Phone}</arg>
<doc>Performs swipe on a specific DUT.</doc>
<status status="PASS" start="2025-12-31T17:49:19.047731" elapsed="0.559384"/>
</kw>
<kw name="Sleep" owner="BuiltIn">
<msg time="2025-12-31T17:49:21.609961" level="INFO">Slept 2 seconds.</msg>
<arg>2s</arg>
<doc>Pauses the test executed for the given time.</doc>
<status status="PASS" start="2025-12-31T17:49:19.608448" elapsed="2.001513"/>
</kw>
<kw name="Tap By Coordinates" owner="adb_keywords">
<msg time="2025-12-31T17:49:21.767392" level="INFO">Tapped search_icon at (625,2593) on device 10BF3122K4000JT</msg>
<arg>Playstore.json</arg>
<arg>search_icon</arg>
<arg>${DUT.Phone}</arg>
<doc>Tap on screen using X,Y coordinates from JSON key.
JSON is auto-loaded from Resources/Coordinates/.</doc>
<status status="PASS" start="2025-12-31T17:49:21.611369" elapsed="0.156023"/>
</kw>
<kw name="Sleep" owner="BuiltIn">
<msg time="2025-12-31T17:49:23.772505" level="INFO">Slept 2 seconds.</msg>
<arg>2s</arg>
<doc>Pauses the test executed for the given time.</doc>
<status status="PASS" start="2025-12-31T17:49:21.770290" elapsed="2.002215"/>
</kw>
<kw name="Tap By Text" owner="adb_keywords">
<msg time="2025-12-31T17:49:26.244580" level="INFO">Tapped on text 'Action' at (171,1971) on device 10BF3122K4000JT</msg>
<msg time="2025-12-31T17:49:26.244580" level="INFO" html="true">&lt;img src='ocr_highlighted.png' width='40%'&gt;</msg>
<arg>Action</arg>
<arg>${DUT.Phone}</arg>
<doc>Tap on visible text using OCR (Tesseract).
Works on any screen without XML or UI dump.</doc>
<status status="PASS" start="2025-12-31T17:49:23.773474" elapsed="2.472103"/>
</kw>
<kw name="Sleep" owner="BuiltIn">
<msg time="2025-12-31T17:49:28.260870" level="INFO">Slept 2 seconds.</msg>
<arg>2s</arg>
<doc>Pauses the test executed for the given time.</doc>
<status status="PASS" start="2025-12-31T17:49:26.246421" elapsed="2.014449"/>
</kw>
<kw name="Verify Text Ocr" owner="adb_keywords">
<msg time="2025-12-31T17:49:30.690505" level="INFO" html="true">&lt;b style='color:red'&gt;Text Verification FAILED&lt;/b&gt;&lt;br&gt;Expected: &lt;b&gt;Shooters actiosn games&lt;/b&gt;&lt;br&gt;Missing words: &lt;b&gt;shooters, actiosn&lt;/b&gt;</msg>
<msg time="2025-12-31T17:49:30.690505" level="FAIL">Missing words: ['shooters', 'actiosn']</msg>
<arg>Shooters actiosn games</arg>
<arg>${DUT.Phone}</arg>
<doc>Verifies COMPLETE text using OCR.
Passes only if ALL words are present.
Highlights all matched words in report.</doc>
<status status="FAIL" start="2025-12-31T17:49:28.261861" elapsed="2.435857">Missing words: ['shooters', 'actiosn']</status>
</kw>
<kw name="Sleep" owner="BuiltIn">
<arg>2s</arg>
<doc>Pauses the test executed for the given time.</doc>
<status status="NOT RUN" start="2025-12-31T17:49:30.698778" elapsed="0.000000"/>
</kw>
<kw name="Stop Screen Recording" owner="adb_keywords">
<var>${LOCAL_VIDEO}</var>
<arg>${DEVICE_ID}</arg>
<arg>${VIDEO_DIR}</arg>
<doc>Stop screenrecord and pull video.</doc>
<status status="NOT RUN" start="2025-12-31T17:49:30.698778" elapsed="0.000000"/>
</kw>
<kw name="Get Absolute Path" owner="adb_keywords">
<var>${ABS_LOCAL_VIDEO}</var>
<arg>${LOCAL_VIDEO}</arg>
<doc>Return absolute path of a file.</doc>
<status status="NOT RUN" start="2025-12-31T17:49:30.699811" elapsed="0.000000"/>
</kw>
<kw name="Log" owner="BuiltIn">
<arg>&lt;a href="file://${ABS_LOCAL_VIDEO}"&gt;📹 Failure Video&lt;/a&gt;</arg>
<arg>html=True</arg>
<doc>Logs the given message with the given level.</doc>
<status status="NOT RUN" start="2025-12-31T17:49:30.699811" elapsed="0.000000"/>
</kw>
<status status="FAIL" start="2025-12-31T17:49:09.719971" elapsed="20.981836">Missing words: ['shooters', 'actiosn']</status>
</test>
<status status="FAIL" start="2025-12-31T17:49:08.999932" elapsed="21.704304"/>
</suite>
<statistics>
<total>
<stat pass="0" fail="1" skip="0">All Tests</stat>
</total>
<tag>
</tag>
<suite>
<stat name="Test02" id="s1" pass="0" fail="1" skip="0">Test02</stat>
</suite>
</statistics>
<errors>
</errors>
</robot>
