<?xml version="1.0" encoding="UTF-8"?>
<robot generator="Robot 7.4.1 (Python 3.10.10 on win32)" generated="2025-12-31T17:45:58.610245" rpa="false" schemaversion="5">
<suite id="s1" name="Test02" source="C:\Robot_Framework_dev\Test Automation\TestSuite\test02.robot">
<test id="s1-t1" name="Establish adb connection" line="19">
<kw name="Get Device Id" owner="adb_keywords">
<msg time="2025-12-31T17:45:59.021111" level="FAIL">KeyError: 'device_id'</msg>
<var>${DEVICE_ID}</var>
<arg>Phone</arg>
<doc>Robot Framework keyword.
Returns the device_id for the requested DUT (Phone / Main / Cluster).</doc>
<status status="FAIL" start="2025-12-31T17:45:59.019982" elapsed="0.029656">KeyError: 'device_id'</status>
</kw>
<kw name="Set Variable" owner="BuiltIn">
<var>${VIDEO_DIR}</var>
<arg>videos</arg>
<doc>Returns the given values which can then be assigned to a variables.</doc>
<status status="NOT RUN" start="2025-12-31T17:45:59.050417" elapsed="0.000000"/>
</kw>
<kw name="Replace String" owner="String">
<var>${SAFE_TEST_NAME}</var>
<arg>${TEST NAME}</arg>
<arg>${SPACE}</arg>
<arg>_</arg>
<doc>Replaces ``search_for`` in the given ``string`` with ``replace_with``.</doc>
<status status="NOT RUN" start="2025-12-31T17:45:59.052734" elapsed="0.000000"/>
</kw>
<kw name="Set Variable" owner="BuiltIn">
<var>${VIDEO_NAME}</var>
<arg>${SAFE_TEST_NAME}.mp4</arg>
<doc>Returns the given values which can then be assigned to a variables.</doc>
<status status="NOT RUN" start="2025-12-31T17:45:59.053731" elapsed="0.000000"/>
</kw>
<kw name="Set Variable" owner="BuiltIn">
<var>${DEVICE_VIDEO}</var>
<arg>/sdcard/${VIDEO_NAME}</arg>
<doc>Returns the given values which can then be assigned to a variables.</doc>
<status status="NOT RUN" start="2025-12-31T17:45:59.054628" elapsed="0.000000"/>
</kw>
<kw name="Set Variable" owner="BuiltIn">
<var>${LOCAL_VIDEO}</var>
<arg>${VIDEO_DIR}/${VIDEO_NAME}</arg>
<doc>Returns the given values which can then be assigned to a variables.</doc>
<status status="NOT RUN" start="2025-12-31T17:45:59.054628" elapsed="0.000000"/>
</kw>
<kw name="Run Command" owner="adb_keywords">
<arg>if not exist ${VIDEO_DIR} mkdir ${VIDEO_DIR}</arg>
<doc>Runs any shell/adb/system command and returns the output.
Usage: Run Command    adb devices</doc>
<status status="NOT RUN" start="2025-12-31T17:45:59.055675" elapsed="0.000000"/>
</kw>
<kw name="Start Screen Recording" owner="adb_keywords">
<var>${DEVICE_VIDEO}</var>
<arg>${DEVICE_ID}</arg>
<arg>${TEST NAME}</arg>
<status status="NOT RUN" start="2025-12-31T17:45:59.055675" elapsed="0.000000"/>
</kw>
<kw name="Sleep" owner="BuiltIn">
<arg>2s</arg>
<doc>Pauses the test executed for the given time.</doc>
<status status="NOT RUN" start="2025-12-31T17:45:59.056672" elapsed="0.000000"/>
</kw>
<kw name="Establish Adb Connection" owner="adb_keywords">
<arg>${DUT.Phone}</arg>
<doc>Establish ADB connection using device_id from configuration.
If already connected, return status.</doc>
<status status="NOT RUN" start="2025-12-31T17:45:59.056672" elapsed="0.000000"/>
</kw>
<kw name="Click By Image" owner="adb_keywords">
<arg>Games_play.png</arg>
<arg>${DUT.Phone}</arg>
<doc>Takes screenshot using take_android_screenshot(),
performs template match, clicks, and logs highlighted image on specific device.
`dut_name`: DUT name as defined in configuration.ini</doc>
<status status="NOT RUN" start="2025-12-31T17:45:59.058483" elapsed="0.001000"/>
</kw>
<kw name="Sleep" owner="BuiltIn">
<arg>2s</arg>
<doc>Pauses the test executed for the given time.</doc>
<status status="NOT RUN" start="2025-12-31T17:45:59.059483" elapsed="0.000000"/>
</kw>
<kw name="Verify Image" owner="adb_keywords">
<arg>Books_play.png</arg>
<arg>${DUT.Phone}</arg>
<doc>Verifies full or partial image match AND logs both images in Robot report.</doc>
<status status="NOT RUN" start="2025-12-31T17:45:59.060478" elapsed="0.000000"/>
</kw>
<kw name="Sleep" owner="BuiltIn">
<arg>2s</arg>
<doc>Pauses the test executed for the given time.</doc>
<status status="NOT RUN" start="2025-12-31T17:45:59.060478" elapsed="0.000000"/>
</kw>
<kw name="Swipe" owner="adb_keywords">
<arg>up</arg>
<arg>${DUT.Phone}</arg>
<doc>Performs swipe on a specific DUT.</doc>
<status status="NOT RUN" start="2025-12-31T17:45:59.060478" elapsed="0.000000"/>
</kw>
<kw name="Sleep" owner="BuiltIn">
<arg>2s</arg>
<doc>Pauses the test executed for the given time.</doc>
<status status="NOT RUN" start="2025-12-31T17:45:59.061534" elapsed="0.000000"/>
</kw>
<kw name="Tap By Coordinates" owner="adb_keywords">
<arg>Playstore.json</arg>
<arg>search_icon</arg>
<arg>${DUT.Phone}</arg>
<doc>Tap on screen using X,Y coordinates from JSON key.
JSON is auto-loaded from Resources/Coordinates/.</doc>
<status status="NOT RUN" start="2025-12-31T17:45:59.061534" elapsed="0.000000"/>
</kw>
<kw name="Sleep" owner="BuiltIn">
<arg>2s</arg>
<doc>Pauses the test executed for the given time.</doc>
<status status="NOT RUN" start="2025-12-31T17:45:59.062910" elapsed="0.000000"/>
</kw>
<kw name="Tap By Text" owner="adb_keywords">
<arg>Action</arg>
<arg>${DUT.Phone}</arg>
<doc>Tap on visible text using OCR (Tesseract).
Works on any screen without XML or UI dump.</doc>
<status status="NOT RUN" start="2025-12-31T17:45:59.062910" elapsed="0.000000"/>
</kw>
<kw name="Sleep" owner="BuiltIn">
<arg>2s</arg>
<doc>Pauses the test executed for the given time.</doc>
<status status="NOT RUN" start="2025-12-31T17:45:59.063908" elapsed="0.000000"/>
</kw>
<kw name="Verify Text Ocr" owner="adb_keywords">
<arg>Shooter action games</arg>
<arg>${DUT.Phone}</arg>
<doc>Verifies COMPLETE text using OCR.
Passes only if ALL words are present.
Highlights all matched words in report.</doc>
<status status="NOT RUN" start="2025-12-31T17:45:59.063908" elapsed="0.000000"/>
</kw>
<kw name="Sleep" owner="BuiltIn">
<arg>2s</arg>
<doc>Pauses the test executed for the given time.</doc>
<status status="NOT RUN" start="2025-12-31T17:45:59.064906" elapsed="0.000000"/>
</kw>
<kw name="Stop Screen Recording" owner="adb_keywords">
<var>${LOCAL_VIDEO}</var>
<arg>${DEVICE_ID}</arg>
<arg>${VIDEO_DIR}</arg>
<doc>Stop screenrecord and pull video.</doc>
<status status="NOT RUN" start="2025-12-31T17:45:59.064906" elapsed="0.000000"/>
</kw>
<kw name="Get Absolute Path" owner="adb_keywords">
<var>${ABS_LOCAL_VIDEO}</var>
<arg>${LOCAL_VIDEO}</arg>
<doc>Return absolute path of a file.</doc>
<status status="NOT RUN" start="2025-12-31T17:45:59.065904" elapsed="0.000000"/>
</kw>
<kw name="Log" owner="BuiltIn">
<arg>&lt;a href="file://${ABS_LOCAL_VIDEO}"&gt;📹 Failure Video&lt;/a&gt;</arg>
<arg>html=True</arg>
<doc>Logs the given message with the given level.</doc>
<status status="NOT RUN" start="2025-12-31T17:45:59.067167" elapsed="0.000000"/>
</kw>
<status status="FAIL" start="2025-12-31T17:45:59.017749" elapsed="0.053318">KeyError: 'device_id'</status>
</test>
<status status="FAIL" start="2025-12-31T17:45:58.613418" elapsed="0.459324"/>
</suite>
<statistics>
<total>
<stat pass="0" fail="1" skip="0">All Tests</stat>
</total>
<tag>
</tag>
<suite>
<stat name="Test02" id="s1" pass="0" fail="1" skip="0">Test02</stat>
</suite>
</statistics>
<errors>
</errors>
</robot>
