<?xml version="1.0" encoding="UTF-8"?>
<robot generator="Robot 7.3.2 (Python 3.10.8 on win32)" generated="2025-12-07T21:41:36.773199" rpa="false" schemaversion="5">
<suite id="s1" name="TestSuite" source="C:\Users\nadik\Robot_Framework_dev\aut\TestSuite">
<suite id="s1-s1" name="Test01" source="C:\Users\nadik\Robot_Framework_dev\aut\TestSuite\test01.robot">
<test id="s1-s1-t1" name="Get Device Id Test" line="15">
<kw name="Get Device Id" owner="adb_keywords">
<msg time="2025-12-07T21:41:36.963322" level="INFO">${id} = 10BF3122K4000JT</msg>
<var>${id}</var>
<arg>${DUT.Phone}</arg>
<doc>Robot Framework keyword.
Returns the device_id for the requested DUT (Phone / Main / Cluster).</doc>
<status status="PASS" start="2025-12-07T21:41:36.963322" elapsed="0.000000"/>
</kw>
<kw name="Log" owner="BuiltIn">
<msg time="2025-12-07T21:41:36.963322" level="INFO">10BF3122K4000JT</msg>
<arg>${id}</arg>
<doc>Logs the given message with the given level.</doc>
<status status="PASS" start="2025-12-07T21:41:36.963322" elapsed="0.000000"/>
</kw>
<status status="PASS" start="2025-12-07T21:41:36.960646" elapsed="0.002676"/>
</test>
<test id="s1-s1-t2" name="Swipe screen" line="23">
<kw name="Swipe" owner="adb_keywords">
<msg time="2025-12-07T21:41:37.019529" level="FAIL">Unable to get screen size</msg>
<arg>left</arg>
<doc>Performs swipe on DUT.
direction = right | left | up | down
duration = swipe speed in ms</doc>
<status status="FAIL" start="2025-12-07T21:41:36.963322" elapsed="0.058234">Unable to get screen size</status>
</kw>
<kw name="Swipe" owner="adb_keywords">
<arg>right</arg>
<doc>Performs swipe on DUT.
direction = right | left | up | down
duration = swipe speed in ms</doc>
<status status="NOT RUN" start="2025-12-07T21:41:37.021556" elapsed="0.000000"/>
</kw>
<status status="FAIL" start="2025-12-07T21:41:36.963322" elapsed="0.058234">Unable to get screen size</status>
</test>
<test id="s1-s1-t3" name="Click Element On Phone DUT" line="27">
<kw name="Click Element By Text" owner="adb_keywords">
<msg time="2025-12-07T21:41:37.210317" level="FAIL">Text 'Play Store' not found on screen.</msg>
<arg>Play Store</arg>
<arg>${DUT.Phone}</arg>
<doc>Robot keyword: Click UI element using visible text.
If dut_name provided → use adb -s &lt;device_id&gt;, else use default ADB.</doc>
<status status="FAIL" start="2025-12-07T21:41:37.023064" elapsed="0.187253">Text 'Play Store' not found on screen.</status>
</kw>
<kw name="Sleep" owner="BuiltIn">
<arg>2s</arg>
<doc>Pauses the test executed for the given time.</doc>
<status status="NOT RUN" start="2025-12-07T21:41:37.211349" elapsed="0.000000"/>
</kw>
<status status="FAIL" start="2025-12-07T21:41:37.023064" elapsed="0.188285">Text 'Play Store' not found on screen.</status>
</test>
<test id="s1-s1-t4" name="verify captured image" line="39">
<kw name="Verify Image" owner="adb_keywords">
<msg time="2025-12-07T21:41:37.296649" level="INFO" html="true">&lt;b&gt;Captured Screen:&lt;/b&gt;&lt;br&gt;&lt;img src='C:\Users\nadik\Robot_Framework_dev\aut\verify_image_screen.png' width='300px'&gt;</msg>
<msg time="2025-12-07T21:41:37.296649" level="INFO" html="true">&lt;b&gt;Reference Image:&lt;/b&gt;&lt;br&gt;&lt;img src='C:/Users/nadik/Robot_Framework_dev/aut/Resources/images/Playstore_home.png' width='300px'&gt;</msg>
<msg time="2025-12-07T21:41:37.535717" level="INFO" html="true">&lt;b&gt;Similarity Score:&lt;/b&gt; 1.000</msg>
<msg time="2025-12-07T21:41:37.535717" level="INFO" html="true">&lt;b&gt;Image Verification: PASS&lt;/b&gt;</msg>
<arg>C:/Users/nadik/Robot_Framework_dev/aut/Resources/images/Playstore_home.png</arg>
<doc>]
Verifies full or partial image match AND logs both images in Robot report.</doc>
<status status="PASS" start="2025-12-07T21:41:37.212318" elapsed="0.323399"/>
</kw>
<kw name="Sleep" owner="BuiltIn">
<msg time="2025-12-07T21:41:40.549137" level="INFO">Slept 3 seconds.</msg>
<arg>3s</arg>
<doc>Pauses the test executed for the given time.</doc>
<status status="PASS" start="2025-12-07T21:41:37.535717" elapsed="3.013420"/>
</kw>
<status status="PASS" start="2025-12-07T21:41:37.212318" elapsed="3.336819"/>
</test>
<test id="s1-s1-t5" name="verify text" line="43">
<kw name="Verify Text On Screen" owner="adb_keywords">
<msg time="2025-12-07T21:41:41.203099" level="INFO" html="true">Verified text (any word matched): &lt;b&gt;Kids&lt;/b&gt;</msg>
<msg time="2025-12-07T21:41:41.203099" level="INFO" html="true">&lt;img src="C:\Users\nadik\Robot_Framework_dev\aut\highlighted_verify_text.png" width="450px"&gt;</msg>
<arg>Kids</arg>
<status status="PASS" start="2025-12-07T21:41:40.553266" elapsed="0.651850"/>
</kw>
<kw name="Sleep" owner="BuiltIn">
<msg time="2025-12-07T21:41:44.212854" level="INFO">Slept 3 seconds.</msg>
<arg>3s</arg>
<doc>Pauses the test executed for the given time.</doc>
<status status="PASS" start="2025-12-07T21:41:41.205116" elapsed="3.008248"/>
</kw>
<status status="PASS" start="2025-12-07T21:41:40.549137" elapsed="3.664227"/>
</test>
<test id="s1-s1-t6" name="Swipe screen" line="47">
<kw name="Swipe" owner="adb_keywords">
<msg time="2025-12-07T21:41:44.284404" level="FAIL">Unable to get screen size</msg>
<arg>up</arg>
<doc>Performs swipe on DUT.
direction = right | left | up | down
duration = swipe speed in ms</doc>
<status status="FAIL" start="2025-12-07T21:41:44.213364" elapsed="0.071040">Unable to get screen size</status>
</kw>
<kw name="Swipe" owner="adb_keywords">
<arg>up</arg>
<doc>Performs swipe on DUT.
direction = right | left | up | down
duration = swipe speed in ms</doc>
<status status="NOT RUN" start="2025-12-07T21:41:44.285478" elapsed="0.000000"/>
</kw>
<kw name="Swipe" owner="adb_keywords">
<arg>down</arg>
<doc>Performs swipe on DUT.
direction = right | left | up | down
duration = swipe speed in ms</doc>
<status status="NOT RUN" start="2025-12-07T21:41:44.285478" elapsed="0.000000"/>
</kw>
<kw name="Swipe" owner="adb_keywords">
<arg>down</arg>
<doc>Performs swipe on DUT.
direction = right | left | up | down
duration = swipe speed in ms</doc>
<status status="NOT RUN" start="2025-12-07T21:41:44.286473" elapsed="0.000000"/>
</kw>
<kw name="Sleep" owner="BuiltIn">
<arg>3s</arg>
<doc>Pauses the test executed for the given time.</doc>
<status status="NOT RUN" start="2025-12-07T21:41:44.286473" elapsed="0.000000"/>
</kw>
<status status="FAIL" start="2025-12-07T21:41:44.213364" elapsed="0.074110">Unable to get screen size</status>
</test>
<test id="s1-s1-t7" name="Click by image" line="53">
<kw name="Click By Image" owner="adb_keywords">
<msg time="2025-12-07T21:41:44.649561" level="FAIL">Image not found. Match score=0.4647248089313507</msg>
<arg>C:/Users/nadik/Robot_Framework_dev/aut/Resources/images/Games_play.png</arg>
<doc>Takes screenshot using take_android_screenshot(),
performs template match, clicks, and logs highlighted image.</doc>
<status status="FAIL" start="2025-12-07T21:41:44.287474" elapsed="0.362087">Image not found. Match score=0.4647248089313507</status>
</kw>
<status status="FAIL" start="2025-12-07T21:41:44.287474" elapsed="0.362087">Image not found. Match score=0.4647248089313507</status>
</test>
<test id="s1-s1-t8" name="Click Element On Phone DUT" line="56">
<kw name="Click Element By Text" owner="adb_keywords">
<arg>Search</arg>
<arg>${DUT.Phone}</arg>
<doc>Robot keyword: Click UI element using visible text.
If dut_name provided → use adb -s &lt;device_id&gt;, else use default ADB.</doc>
<status status="PASS" start="2025-12-07T21:41:44.649561" elapsed="0.173782"/>
</kw>
<kw name="Click Element By Text" owner="adb_keywords">
<arg>Search</arg>
<arg>${DUT.Phone}</arg>
<doc>Robot keyword: Click UI element using visible text.
If dut_name provided → use adb -s &lt;device_id&gt;, else use default ADB.</doc>
<status status="PASS" start="2025-12-07T21:41:44.833209" elapsed="0.129969"/>
</kw>
<kw name="Sleep" owner="BuiltIn">
<msg time="2025-12-07T21:41:46.967088" level="INFO">Slept 2 seconds.</msg>
<arg>2s</arg>
<doc>Pauses the test executed for the given time.</doc>
<status status="PASS" start="2025-12-07T21:41:44.963178" elapsed="2.003910"/>
</kw>
<status status="PASS" start="2025-12-07T21:41:44.649561" elapsed="2.318811"/>
</test>
<test id="s1-s1-t9" name="Input text" line="61">
<kw name="Input Text" owner="adb_keywords">
<arg>bgmi</arg>
<doc>Inputs the given text on the connected Android device
using ADB input text command.</doc>
<status status="PASS" start="2025-12-07T21:41:46.968805" elapsed="0.041339"/>
</kw>
<status status="PASS" start="2025-12-07T21:41:46.968805" elapsed="0.044211"/>
</test>
<test id="s1-s1-t10" name="Click by image" line="68">
<kw name="Click By Image" owner="adb_keywords">
<msg time="2025-12-07T21:41:47.378500" level="INFO" html="true">&lt;b&gt;Image matched (confidence=1.000)&lt;/b&gt;&lt;br&gt;&lt;img src='highlighted_match.png' width='40%'&gt;</msg>
<arg>C:/Users/nadik/Robot_Framework_dev/aut/Resources/images/Search_play.png</arg>
<doc>Takes screenshot using take_android_screenshot(),
performs template match, clicks, and logs highlighted image.</doc>
<status status="PASS" start="2025-12-07T21:41:47.014390" elapsed="0.388973"/>
</kw>
<status status="PASS" start="2025-12-07T21:41:47.013542" elapsed="0.389821"/>
</test>
<status status="FAIL" start="2025-12-07T21:41:36.786787" elapsed="10.616576"/>
</suite>
<status status="FAIL" start="2025-12-07T21:41:36.777312" elapsed="10.627841"/>
</suite>
<statistics>
<total>
<stat pass="6" fail="4" skip="0">All Tests</stat>
</total>
<tag>
</tag>
<suite>
<stat name="TestSuite" id="s1" pass="6" fail="4" skip="0">TestSuite</stat>
<stat name="Test01" id="s1-s1" pass="6" fail="4" skip="0">TestSuite.Test01</stat>
</suite>
</statistics>
<errors>
<msg time="2025-12-07T21:41:44.213364" level="WARN">Multiple tests with name 'Swipe screen' executed in suite 'TestSuite.Test01'.</msg>
<msg time="2025-12-07T21:41:44.649561" level="WARN">Multiple tests with name 'Click Element On Phone DUT' executed in suite 'TestSuite.Test01'.</msg>
<msg time="2025-12-07T21:41:47.013542" level="WARN">Multiple tests with name 'Click by image' executed in suite 'TestSuite.Test01'.</msg>
</errors>
</robot>
