<?xml version="1.0" encoding="UTF-8"?>
<robot generator="Robot 7.4.1 (Python 3.10.10 on win32)" generated="2025-12-31T17:47:01.800155" rpa="false" schemaversion="5">
<suite id="s1" name="Test02" source="C:\Robot_Framework_dev\Test Automation\TestSuite\test02.robot">
<test id="s1-t1" name="Establish adb connection" line="19">
<kw name="Get Device Id" owner="adb_keywords">
<msg time="2025-12-31T17:47:02.574383" level="INFO">${DEVICE_ID} = 10BF3122K4000JT</msg>
<var>${DEVICE_ID}</var>
<arg>Phone</arg>
<doc>Robot Framework keyword.
Returns the device_id for the requested DUT (Phone / Main / Cluster).</doc>
<status status="PASS" start="2025-12-31T17:47:02.571292" elapsed="0.003091"/>
</kw>
<kw name="Set Variable" owner="BuiltIn">
<msg time="2025-12-31T17:47:02.575379" level="INFO">${VIDEO_DIR} = videos</msg>
<var>${VIDEO_DIR}</var>
<arg>videos</arg>
<doc>Returns the given values which can then be assigned to a variables.</doc>
<status status="PASS" start="2025-12-31T17:47:02.575379" elapsed="0.000000"/>
</kw>
<kw name="Replace String" owner="String">
<msg time="2025-12-31T17:47:02.575379" level="INFO">${SAFE_TEST_NAME} = Establish_adb_connection</msg>
<var>${SAFE_TEST_NAME}</var>
<arg>${TEST NAME}</arg>
<arg>${SPACE}</arg>
<arg>_</arg>
<doc>Replaces ``search_for`` in the given ``string`` with ``replace_with``.</doc>
<status status="PASS" start="2025-12-31T17:47:02.575379" elapsed="0.000000"/>
</kw>
<kw name="Set Variable" owner="BuiltIn">
<msg time="2025-12-31T17:47:02.578942" level="INFO">${VIDEO_NAME} = Establish_adb_connection.mp4</msg>
<var>${VIDEO_NAME}</var>
<arg>${SAFE_TEST_NAME}.mp4</arg>
<doc>Returns the given values which can then be assigned to a variables.</doc>
<status status="PASS" start="2025-12-31T17:47:02.577944" elapsed="0.000998"/>
</kw>
<kw name="Set Variable" owner="BuiltIn">
<msg time="2025-12-31T17:47:02.580280" level="INFO">${DEVICE_VIDEO} = /sdcard/Establish_adb_connection.mp4</msg>
<var>${DEVICE_VIDEO}</var>
<arg>/sdcard/${VIDEO_NAME}</arg>
<doc>Returns the given values which can then be assigned to a variables.</doc>
<status status="PASS" start="2025-12-31T17:47:02.579282" elapsed="0.000998"/>
</kw>
<kw name="Set Variable" owner="BuiltIn">
<msg time="2025-12-31T17:47:02.582894" level="INFO">${LOCAL_VIDEO} = videos/Establish_adb_connection.mp4</msg>
<var>${LOCAL_VIDEO}</var>
<arg>${VIDEO_DIR}/${VIDEO_NAME}</arg>
<doc>Returns the given values which can then be assigned to a variables.</doc>
<status status="PASS" start="2025-12-31T17:47:02.581897" elapsed="0.000997"/>
</kw>
<kw name="Run Command" owner="adb_keywords">
<arg>if not exist ${VIDEO_DIR} mkdir ${VIDEO_DIR}</arg>
<doc>Runs any shell/adb/system command and returns the output.
Usage: Run Command    adb devices</doc>
<status status="PASS" start="2025-12-31T17:47:02.583779" elapsed="0.055109"/>
</kw>
<kw name="Start Screen Recording" owner="adb_keywords">
<msg time="2025-12-31T17:47:02.646162" level="INFO">${DEVICE_VIDEO} = /sdcard/10BF3122K4000JT_20251231_174702_Establish_adb_connection.mp4</msg>
<var>${DEVICE_VIDEO}</var>
<arg>${DEVICE_ID}</arg>
<arg>${TEST NAME}</arg>
<status status="PASS" start="2025-12-31T17:47:02.639416" elapsed="0.006746"/>
</kw>
<kw name="Sleep" owner="BuiltIn">
<msg time="2025-12-31T17:47:04.654991" level="INFO">Slept 2 seconds.</msg>
<arg>2s</arg>
<doc>Pauses the test executed for the given time.</doc>
<status status="PASS" start="2025-12-31T17:47:02.646162" elapsed="2.008829"/>
</kw>
<kw name="Establish Adb Connection" owner="adb_keywords">
<msg time="2025-12-31T17:47:04.737542" level="INFO">Device '10BF3122K4000JT' is already configured to the framework</msg>
<arg>${DUT.Phone}</arg>
<doc>Establish ADB connection using device_id from configuration.
If already connected, return status.</doc>
<status status="PASS" start="2025-12-31T17:47:04.657055" elapsed="0.080487"/>
</kw>
<kw name="Click By Image" owner="adb_keywords">
<msg time="2025-12-31T17:47:06.664261" level="INFO" html="true">&lt;b&gt;Image matched (confidence=1.000)&lt;/b&gt;&lt;br&gt;&lt;img src='highlighted_match.png' width='40%'&gt;</msg>
<msg time="2025-12-31T17:47:06.858229" level="INFO">Clicked at 125,2593 (match=1.0)</msg>
<arg>Games_play.png</arg>
<arg>${DUT.Phone}</arg>
<doc>Takes screenshot using take_android_screenshot(),
performs template match, clicks, and logs highlighted image on specific device.
`dut_name`: DUT name as defined in configuration.ini</doc>
<status status="PASS" start="2025-12-31T17:47:04.738599" elapsed="2.129095"/>
</kw>
<kw name="Sleep" owner="BuiltIn">
<msg time="2025-12-31T17:47:08.888689" level="INFO">Slept 2 seconds.</msg>
<arg>2s</arg>
<doc>Pauses the test executed for the given time.</doc>
<status status="PASS" start="2025-12-31T17:47:06.873750" elapsed="2.014939"/>
</kw>
<kw name="Verify Image" owner="adb_keywords">
<msg time="2025-12-31T17:47:09.543921" level="INFO" html="true">&lt;b&gt;Captured Screen:&lt;/b&gt;&lt;br&gt;&lt;img src='C:\Robot_Framework_dev\Test Automation\verify_image_screen.png' width='300px'&gt;</msg>
<msg time="2025-12-31T17:47:09.543921" level="INFO" html="true">&lt;b&gt;Reference Image:&lt;/b&gt;&lt;br&gt;&lt;img src='C:\Robot_Framework_dev\Test Automation\Resources\images\Books_play.png' width='300px'&gt;</msg>
<msg time="2025-12-31T17:47:09.961642" level="INFO" html="true">&lt;b&gt;Captured Screen:&lt;/b&gt;&lt;br&gt;&lt;img src='C:\Robot_Framework_dev\Test Automation\verify_image_highlighted.png' width='300px'&gt;</msg>
<msg time="2025-12-31T17:47:10.534611" level="INFO" html="true">&lt;b&gt;Similarity Score:&lt;/b&gt; 1.000</msg>
<msg time="2025-12-31T17:47:10.534611" level="INFO" html="true">&lt;b&gt;Image Verification: PASS&lt;/b&gt;</msg>
<arg>Books_play.png</arg>
<arg>${DUT.Phone}</arg>
<doc>Verifies full or partial image match AND logs both images in Robot report.</doc>
<status status="PASS" start="2025-12-31T17:47:08.889485" elapsed="1.647866"/>
</kw>
<kw name="Sleep" owner="BuiltIn">
<msg time="2025-12-31T17:47:12.546427" level="INFO">Slept 2 seconds.</msg>
<arg>2s</arg>
<doc>Pauses the test executed for the given time.</doc>
<status status="PASS" start="2025-12-31T17:47:10.539306" elapsed="2.007121"/>
</kw>
<kw name="Swipe" owner="adb_keywords">
<msg time="2025-12-31T17:47:13.164075" level="INFO">Swipe 'up' performed successfully on Phone using (630, 2240, 630, 560)</msg>
<arg>up</arg>
<arg>${DUT.Phone}</arg>
<doc>Performs swipe on a specific DUT.</doc>
<status status="PASS" start="2025-12-31T17:47:12.548381" elapsed="0.616327"/>
</kw>
<kw name="Sleep" owner="BuiltIn">
<msg time="2025-12-31T17:47:15.175153" level="INFO">Slept 2 seconds.</msg>
<arg>2s</arg>
<doc>Pauses the test executed for the given time.</doc>
<status status="PASS" start="2025-12-31T17:47:13.166075" elapsed="2.009396"/>
</kw>
<kw name="Tap By Coordinates" owner="adb_keywords">
<msg time="2025-12-31T17:47:15.352345" level="INFO">Tapped search_icon at (625,2593) on device 10BF3122K4000JT</msg>
<arg>Playstore.json</arg>
<arg>search_icon</arg>
<arg>${DUT.Phone}</arg>
<doc>Tap on screen using X,Y coordinates from JSON key.
JSON is auto-loaded from Resources/Coordinates/.</doc>
<status status="PASS" start="2025-12-31T17:47:15.176476" elapsed="0.175869"/>
</kw>
<kw name="Sleep" owner="BuiltIn">
<msg time="2025-12-31T17:47:17.365050" level="INFO">Slept 2 seconds.</msg>
<arg>2s</arg>
<doc>Pauses the test executed for the given time.</doc>
<status status="PASS" start="2025-12-31T17:47:15.354447" elapsed="2.010996"/>
</kw>
<kw name="Tap By Text" owner="adb_keywords">
<msg time="2025-12-31T17:47:20.312607" level="INFO">Tapped on text 'Action' at (171,1971) on device 10BF3122K4000JT</msg>
<msg time="2025-12-31T17:47:20.312607" level="INFO" html="true">&lt;img src='ocr_highlighted.png' width='40%'&gt;</msg>
<arg>Action</arg>
<arg>${DUT.Phone}</arg>
<doc>Tap on visible text using OCR (Tesseract).
Works on any screen without XML or UI dump.</doc>
<status status="PASS" start="2025-12-31T17:47:17.367246" elapsed="2.946392"/>
</kw>
<kw name="Sleep" owner="BuiltIn">
<msg time="2025-12-31T17:47:22.322814" level="INFO">Slept 2 seconds.</msg>
<arg>2s</arg>
<doc>Pauses the test executed for the given time.</doc>
<status status="PASS" start="2025-12-31T17:47:20.315534" elapsed="2.042310"/>
</kw>
<kw name="Verify Text Ocr" owner="adb_keywords">
<msg time="2025-12-31T17:47:25.049291" level="INFO" html="true">&lt;b style='color:green'&gt;Text Verification PASSED&lt;/b&gt;&lt;br&gt;Verified text: &lt;b&gt;Shooter action games&lt;/b&gt;&lt;br&gt;&lt;img src='verify_text_full_highlighted.png' width='40%'&gt;</msg>
<arg>Shooter action games</arg>
<arg>${DUT.Phone}</arg>
<doc>Verifies COMPLETE text using OCR.
Passes only if ALL words are present.
Highlights all matched words in report.</doc>
<status status="PASS" start="2025-12-31T17:47:22.359345" elapsed="2.700386"/>
</kw>
<kw name="Sleep" owner="BuiltIn">
<msg time="2025-12-31T17:47:27.069157" level="INFO">Slept 2 seconds.</msg>
<arg>2s</arg>
<doc>Pauses the test executed for the given time.</doc>
<status status="PASS" start="2025-12-31T17:47:25.061288" elapsed="2.008333"/>
</kw>
<kw name="Stop Screen Recording" owner="adb_keywords">
<msg time="2025-12-31T17:47:27.095701" level="INFO">Stopped screen recording on 10BF3122K4000JT</msg>
<msg time="2025-12-31T17:47:28.359026" level="INFO">Video pulled to videos</msg>
<msg time="2025-12-31T17:47:28.360420" level="INFO">${LOCAL_VIDEO} = videos</msg>
<var>${LOCAL_VIDEO}</var>
<arg>${DEVICE_ID}</arg>
<arg>${VIDEO_DIR}</arg>
<doc>Stop screenrecord and pull video.</doc>
<status status="PASS" start="2025-12-31T17:47:27.070622" elapsed="1.289798"/>
</kw>
<kw name="Get Absolute Path" owner="adb_keywords">
<msg time="2025-12-31T17:47:28.361412" level="INFO">${ABS_LOCAL_VIDEO} = C:\Robot_Framework_dev\Test Automation\videos</msg>
<var>${ABS_LOCAL_VIDEO}</var>
<arg>${LOCAL_VIDEO}</arg>
<doc>Return absolute path of a file.</doc>
<status status="PASS" start="2025-12-31T17:47:28.361412" elapsed="0.000000"/>
</kw>
<kw name="Log" owner="BuiltIn">
<msg time="2025-12-31T17:47:28.361412" level="INFO" html="true">&lt;a href="file://C:\Robot_Framework_dev\Test Automation\videos"&gt;📹 Failure Video&lt;/a&gt;</msg>
<arg>&lt;a href="file://${ABS_LOCAL_VIDEO}"&gt;📹 Failure Video&lt;/a&gt;</arg>
<arg>html=True</arg>
<doc>Logs the given message with the given level.</doc>
<status status="PASS" start="2025-12-31T17:47:28.361412" elapsed="0.000000"/>
</kw>
<status status="PASS" start="2025-12-31T17:47:02.570291" elapsed="25.799611"/>
</test>
<status status="PASS" start="2025-12-31T17:47:01.805808" elapsed="26.575092"/>
</suite>
<statistics>
<total>
<stat pass="1" fail="0" skip="0">All Tests</stat>
</total>
<tag>
</tag>
<suite>
<stat name="Test02" id="s1" pass="1" fail="0" skip="0">Test02</stat>
</suite>
</statistics>
<errors>
</errors>
</robot>
