<?xml version="1.0" encoding="UTF-8"?>
<robot generator="Robot 7.4.1 (Python 3.10.10 on win32)" generated="2025-12-31T18:01:20.145876" rpa="false" schemaversion="5">
<suite id="s1" name="Test02" source="C:\Robot_Framework_dev\Test Automation\TestSuite\test02.robot">
<test id="s1-t1" name="Verify Text on DUT using Appium" line="49">
<kw name="Verify Text Appium Full" owner="appium_keywords">
<msg time="2025-12-31T18:01:21.605948" level="FAIL">AttributeError: 'str' object has no attribute 'get'</msg>
<arg>Albums</arg>
<arg>${DUT.Phone}</arg>
<doc>Verifies FULL visible text using Appium (exact match).
Fails if only partial text is found.</doc>
<status status="FAIL" start="2025-12-31T18:01:21.602861" elapsed="0.004082">AttributeError: 'str' object has no attribute 'get'</status>
</kw>
<status status="FAIL" start="2025-12-31T18:01:21.601863" elapsed="0.005610">AttributeError: 'str' object has no attribute 'get'</status>
</test>
<status status="FAIL" start="2025-12-31T18:01:20.148385" elapsed="1.461567"/>
</suite>
<statistics>
<total>
<stat pass="0" fail="1" skip="0">All Tests</stat>
</total>
<tag>
</tag>
<suite>
<stat name="Test02" id="s1" pass="0" fail="1" skip="0">Test02</stat>
</suite>
</statistics>
<errors>
</errors>
</robot>
