<?xml version="1.0" encoding="UTF-8"?>
<robot generator="Robot 7.4.1 (Python 3.10.10 on win32)" generated="2025-12-31T17:45:25.057330" rpa="false" schemaversion="5">
<suite id="s1" name="Test03" source="C:\Robot_Framework_dev\Test Automation\TestSuite\test03.robot">
<test id="s1-t1" name="Verify Text on DUT using Appium" line="18">
<kw name="verify_text_appium_full">
<msg time="2025-12-31T17:45:28.589018" level="FAIL">No keyword with name 'verify_text_appium_full' found.</msg>
<arg>Albums</arg>
<arg>${DUT.Phone}</arg>
<status status="FAIL" start="2025-12-31T17:45:28.588916" elapsed="0.000988">No keyword with name 'verify_text_appium_full' found.</status>
</kw>
<status status="FAIL" start="2025-12-31T17:45:28.574649" elapsed="0.017093">No keyword with name 'verify_text_appium_full' found.</status>
</test>
<status status="FAIL" start="2025-12-31T17:45:25.061796" elapsed="3.546810"/>
</suite>
<statistics>
<total>
<stat pass="0" fail="1" skip="0">All Tests</stat>
</total>
<tag>
</tag>
<suite>
<stat name="Test03" id="s1" pass="0" fail="1" skip="0">Test03</stat>
</suite>
</statistics>
<errors>
<msg time="2025-12-31T17:45:28.564231" level="WARN">Imported library 'C:\Robot_Framework_dev\Test Automation\Keywords\appium_keywords.py' contains no keywords.</msg>
</errors>
</robot>
