<?xml version="1.0" encoding="UTF-8"?>
<robot generator="Robot 7.4.1 (Python 3.10.10 on win32)" generated="2025-12-31T18:35:09.733490" rpa="false" schemaversion="5">
<suite id="s1" name="Test03" source="C:\Robot_Framework_dev\Test Automation\TestSuite\test03.robot">
<test id="s1-t1" name="Verify Text on DUT using Appium" line="14">
<kw name="Verify Text Appium Full" owner="appium_keywords">
<msg time="2025-12-31T18:35:18.557619" level="INFO" html="true">&lt;b&gt;Verifying text:&lt;/b&gt; 'Kids'</msg>
<msg time="2025-12-31T18:35:19.994456" level="INFO" html="true">&lt;b&gt;Visible texts on screen:&lt;/b&gt;&lt;br&gt;Trending&lt;br&gt;Stream Fallout Season 2 on Prime Video&lt;br&gt;Plus more dark, fantastic picks&lt;br&gt;Sponsored&lt;br&gt;Suggested for you&lt;br&gt;Dating apps&lt;br&gt;For you&lt;br&gt;Top charts&lt;br&gt;Kids&lt;br&gt;Categories&lt;br&gt;Games&lt;br&gt;Apps&lt;br&gt;Search&lt;br&gt;Books&lt;br&gt;You</msg>
<msg time="2025-12-31T18:35:19.994456" level="INFO" html="true">&lt;b style='color:green'&gt;TEXT VERIFIED: Kids&lt;/b&gt;</msg>
<arg>Kids</arg>
<arg>${DUT.Phone}</arg>
<doc>Verifies FULL visible text using Appium (exact match).
Fails if only partial text is found.</doc>
<status status="PASS" start="2025-12-31T18:35:10.426212" elapsed="9.569242"/>
</kw>
<kw name="Tap By Coordinates" owner="appium_keywords">
<msg time="2025-12-31T18:35:19.997588" level="FAIL">TypeError: ActionBuilder.add_pointer_input() missing 1 required positional argument: 'name'</msg>
<arg>Playstore.json</arg>
<arg>search_icon</arg>
<arg>${DUT.Phone}</arg>
<doc>Tap on screen using X,Y coordinates from JSON key using Appium (W3C).</doc>
<status status="FAIL" start="2025-12-31T18:35:19.995776" elapsed="0.001812">TypeError: ActionBuilder.add_pointer_input() missing 1 required positional argument: 'name'</status>
</kw>
<status status="FAIL" start="2025-12-31T18:35:10.423907" elapsed="9.574935">TypeError: ActionBuilder.add_pointer_input() missing 1 required positional argument: 'name'</status>
</test>
<status status="FAIL" start="2025-12-31T18:35:09.737462" elapsed="10.263442"/>
</suite>
<statistics>
<total>
<stat pass="0" fail="1" skip="0">All Tests</stat>
</total>
<tag>
</tag>
<suite>
<stat name="Test03" id="s1" pass="0" fail="1" skip="0">Test03</stat>
</suite>
</statistics>
<errors>
</errors>
</robot>
